<?xml version="1.0" encoding="UTF-8"?>
<!-- Generated by org.testng.reporters.JUnitXMLReporter -->
<testsuite ignored="0" hostname="IND-CHN-LT10622" failures="0" tests="415" name="Default test" time="6.789" errors="0" timestamp="16 Dec 2021 11:33:45 GMT">
  <testcase classname="TestCases.TestCases" name="@BeforeClass precondition" time="0.0">
    <failure type="org.testng.TestNGException" message="
Parameter &amp;apos;selenium.machinename&amp;apos; is required by BeforeClass on method precondition but has not been marked @Optional or defined
in C:\Users\I3220\AppData\Local\Temp\testng-eclipse-1649281120\testng-customsuite.xml">
      <![CDATA[org.testng.TestNGException: 
Parameter 'selenium.machinename' is required by BeforeClass on method precondition but has not been marked @Optional or defined
in C:\Users\I3220\AppData\Local\Temp\testng-eclipse-1649281120\testng-customsuite.xml
	at org.testng.internal.Parameters.createParameters(Parameters.java:199)
	at org.testng.internal.Parameters.createParameters(Parameters.java:443)
	at org.testng.internal.Parameters.createConfigurationParameters(Parameters.java:118)
	at org.testng.internal.Invoker.invokeConfigurations(Invoker.java:203)
	at org.testng.internal.Invoker.invokeConfigurations(Invoker.java:144)
	at org.testng.internal.TestMethodWorker.invokeBeforeClassMethods(TestMethodWorker.java:169)
	at org.testng.internal.TestMethodWorker.run(TestMethodWorker.java:108)
	at org.testng.TestRunner.privateRun(TestRunner.java:756)
	at org.testng.TestRunner.run(TestRunner.java:610)
	at org.testng.SuiteRunner.runTest(SuiteRunner.java:387)
	at org.testng.SuiteRunner.runSequentially(SuiteRunner.java:382)
	at org.testng.SuiteRunner.privateRun(SuiteRunner.java:340)
	at org.testng.SuiteRunner.run(SuiteRunner.java:289)
	at org.testng.SuiteRunnerWorker.runSuite(SuiteRunnerWorker.java:52)
	at org.testng.SuiteRunnerWorker.run(SuiteRunnerWorker.java:86)
	at org.testng.TestNG.runSuitesSequentially(TestNG.java:1293)
	at org.testng.TestNG.runSuitesLocally(TestNG.java:1218)
	at org.testng.TestNG.runSuites(TestNG.java:1133)
	at org.testng.TestNG.run(TestNG.java:1104)
	at org.testng.remote.AbstractRemoteTestNG.run(AbstractRemoteTestNG.java:115)
	at org.testng.remote.RemoteTestNG.initAndRun(RemoteTestNG.java:251)
	at org.testng.remote.RemoteTestNG.main(RemoteTestNG.java:77)
]]>
    </failure>
  </testcase> <!-- @BeforeClass precondition -->
  <testcase classname="TestCases.TestCases" name="@BeforeMethod before" time="0.0">
    <skipped/>
  </testcase> <!-- @BeforeMethod before -->
  <testcase classname="TestCases.TestCases" name="@BeforeMethod before" time="0.0">
    <skipped/>
  </testcase> <!-- @BeforeMethod before -->
  <testcase classname="TestCases.TestCases" name="@BeforeMethod before" time="0.0">
    <skipped/>
  </testcase> <!-- @BeforeMethod before -->
  <testcase classname="TestCases.TestCases" name="@BeforeMethod before" time="0.0">
    <skipped/>
  </testcase> <!-- @BeforeMethod before -->
  <testcase classname="TestCases.TestCases" name="@BeforeMethod before" time="0.0">
    <skipped/>
  </testcase> <!-- @BeforeMethod before -->
  <testcase classname="TestCases.TestCases" name="@BeforeMethod before" time="0.0">
    <skipped/>
  </testcase> <!-- @BeforeMethod before -->
  <testcase classname="TestCases.TestCases" name="@BeforeMethod before" time="0.0">
    <skipped/>
  </testcase> <!-- @BeforeMethod before -->
  <testcase classname="TestCases.TestCases" name="@BeforeMethod before" time="0.0">
    <skipped/>
  </testcase> <!-- @BeforeMethod before -->
  <testcase classname="TestCases.TestCases" name="@BeforeMethod before" time="0.0">
    <skipped/>
  </testcase> <!-- @BeforeMethod before -->
  <testcase classname="TestCases.TestCases" name="@BeforeMethod before" time="0.0">
    <skipped/>
  </testcase> <!-- @BeforeMethod before -->
  <testcase classname="TestCases.TestCases" name="@BeforeMethod before" time="0.0">
    <skipped/>
  </testcase> <!-- @BeforeMethod before -->
  <testcase classname="TestCases.TestCases" name="@BeforeMethod before" time="0.0">
    <skipped/>
  </testcase> <!-- @BeforeMethod before -->
  <testcase classname="TestCases.TestCases" name="@BeforeMethod before" time="0.0">
    <skipped/>
  </testcase> <!-- @BeforeMethod before -->
  <testcase classname="TestCases.TestCases" name="@BeforeMethod before" time="0.0">
    <skipped/>
  </testcase> <!-- @BeforeMethod before -->
  <testcase classname="TestCases.TestCases" name="@BeforeMethod before" time="0.0">
    <skipped/>
  </testcase> <!-- @BeforeMethod before -->
  <testcase classname="TestCases.TestCases" name="@BeforeMethod before" time="0.0">
    <skipped/>
  </testcase> <!-- @BeforeMethod before -->
  <testcase classname="TestCases.TestCases" name="@BeforeMethod before" time="0.0">
    <skipped/>
  </testcase> <!-- @BeforeMethod before -->
  <testcase classname="TestCases.TestCases" name="@BeforeMethod before" time="0.0">
    <skipped/>
  </testcase> <!-- @BeforeMethod before -->
  <testcase classname="TestCases.TestCases" name="@BeforeMethod before" time="0.0">
    <skipped/>
  </testcase> <!-- @BeforeMethod before -->
  <testcase classname="TestCases.TestCases" name="@BeforeMethod before" time="0.0">
    <skipped/>
  </testcase> <!-- @BeforeMethod before -->
  <testcase classname="TestCases.TestCases" name="@BeforeMethod before" time="0.0">
    <skipped/>
  </testcase> <!-- @BeforeMethod before -->
  <testcase classname="TestCases.TestCases" name="@BeforeMethod before" time="0.0">
    <skipped/>
  </testcase> <!-- @BeforeMethod before -->
  <testcase classname="TestCases.TestCases" name="@BeforeMethod before" time="0.0">
    <skipped/>
  </testcase> <!-- @BeforeMethod before -->
  <testcase classname="TestCases.TestCases" name="@BeforeMethod before" time="0.0">
    <skipped/>
  </testcase> <!-- @BeforeMethod before -->
  <testcase classname="TestCases.TestCases" name="@BeforeMethod before" time="0.0">
    <skipped/>
  </testcase> <!-- @BeforeMethod before -->
  <testcase classname="TestCases.TestCases" name="@BeforeMethod before" time="0.0">
    <skipped/>
  </testcase> <!-- @BeforeMethod before -->
  <testcase classname="TestCases.TestCases" name="@BeforeMethod before" time="0.0">
    <skipped/>
  </testcase> <!-- @BeforeMethod before -->
  <testcase classname="TestCases.TestCases" name="@BeforeMethod before" time="0.0">
    <skipped/>
  </testcase> <!-- @BeforeMethod before -->
  <testcase classname="TestCases.TestCases" name="@BeforeMethod before" time="0.0">
    <skipped/>
  </testcase> <!-- @BeforeMethod before -->
  <testcase classname="TestCases.TestCases" name="@BeforeMethod before" time="0.0">
    <skipped/>
  </testcase> <!-- @BeforeMethod before -->
  <testcase classname="TestCases.TestCases" name="@BeforeMethod before" time="0.0">
    <skipped/>
  </testcase> <!-- @BeforeMethod before -->
  <testcase classname="TestCases.TestCases" name="@BeforeMethod before" time="0.0">
    <skipped/>
  </testcase> <!-- @BeforeMethod before -->
  <testcase classname="TestCases.TestCases" name="@BeforeMethod before" time="0.0">
    <skipped/>
  </testcase> <!-- @BeforeMethod before -->
  <testcase classname="TestCases.TestCases" name="@BeforeMethod before" time="0.261">
    <skipped/>
  </testcase> <!-- @BeforeMethod before -->
  <testcase classname="TestCases.TestCases" name="@BeforeMethod before" time="0.0">
    <skipped/>
  </testcase> <!-- @BeforeMethod before -->
  <testcase classname="TestCases.TestCases" name="@BeforeMethod before" time="0.0">
    <skipped/>
  </testcase> <!-- @BeforeMethod before -->
  <testcase classname="TestCases.TestCases" name="@BeforeMethod before" time="0.0">
    <skipped/>
  </testcase> <!-- @BeforeMethod before -->
  <testcase classname="TestCases.TestCases" name="@BeforeMethod before" time="0.0">
    <skipped/>
  </testcase> <!-- @BeforeMethod before -->
  <testcase classname="TestCases.TestCases" name="@BeforeMethod before" time="0.0">
    <skipped/>
  </testcase> <!-- @BeforeMethod before -->
  <testcase classname="TestCases.TestCases" name="@BeforeMethod before" time="0.0">
    <skipped/>
  </testcase> <!-- @BeforeMethod before -->
  <testcase classname="TestCases.TestCases" name="@BeforeMethod before" time="0.0">
    <skipped/>
  </testcase> <!-- @BeforeMethod before -->
  <testcase classname="TestCases.TestCases" name="@BeforeMethod before" time="0.0">
    <skipped/>
  </testcase> <!-- @BeforeMethod before -->
  <testcase classname="TestCases.TestCases" name="@BeforeMethod before" time="0.0">
    <skipped/>
  </testcase> <!-- @BeforeMethod before -->
  <testcase classname="TestCases.TestCases" name="@BeforeMethod before" time="0.0">
    <skipped/>
  </testcase> <!-- @BeforeMethod before -->
  <testcase classname="TestCases.TestCases" name="@BeforeMethod before" time="0.0">
    <skipped/>
  </testcase> <!-- @BeforeMethod before -->
  <testcase classname="TestCases.TestCases" name="@BeforeMethod before" time="0.0">
    <skipped/>
  </testcase> <!-- @BeforeMethod before -->
  <testcase classname="TestCases.TestCases" name="@BeforeMethod before" time="0.0">
    <skipped/>
  </testcase> <!-- @BeforeMethod before -->
  <testcase classname="TestCases.TestCases" name="@BeforeMethod before" time="0.0">
    <skipped/>
  </testcase> <!-- @BeforeMethod before -->
  <testcase classname="TestCases.TestCases" name="@BeforeMethod before" time="0.0">
    <skipped/>
  </testcase> <!-- @BeforeMethod before -->
  <testcase classname="TestCases.TestCases" name="@BeforeMethod before" time="0.0">
    <skipped/>
  </testcase> <!-- @BeforeMethod before -->
  <testcase classname="TestCases.TestCases" name="@BeforeMethod before" time="0.0">
    <skipped/>
  </testcase> <!-- @BeforeMethod before -->
  <testcase classname="TestCases.TestCases" name="@BeforeMethod before" time="0.0">
    <skipped/>
  </testcase> <!-- @BeforeMethod before -->
  <testcase classname="TestCases.TestCases" name="@BeforeMethod before" time="0.0">
    <skipped/>
  </testcase> <!-- @BeforeMethod before -->
  <testcase classname="TestCases.TestCases" name="@BeforeMethod before" time="0.0">
    <skipped/>
  </testcase> <!-- @BeforeMethod before -->
  <testcase classname="TestCases.TestCases" name="@BeforeMethod before" time="0.0">
    <skipped/>
  </testcase> <!-- @BeforeMethod before -->
  <testcase classname="TestCases.TestCases" name="@BeforeMethod before" time="0.0">
    <skipped/>
  </testcase> <!-- @BeforeMethod before -->
  <testcase classname="TestCases.TestCases" name="@BeforeMethod before" time="0.0">
    <skipped/>
  </testcase> <!-- @BeforeMethod before -->
  <testcase classname="TestCases.TestCases" name="@BeforeMethod before" time="0.0">
    <skipped/>
  </testcase> <!-- @BeforeMethod before -->
  <testcase classname="TestCases.TestCases" name="@BeforeMethod before" time="0.0">
    <skipped/>
  </testcase> <!-- @BeforeMethod before -->
  <testcase classname="TestCases.TestCases" name="@BeforeMethod before" time="0.0">
    <skipped/>
  </testcase> <!-- @BeforeMethod before -->
  <testcase classname="TestCases.TestCases" name="@BeforeMethod before" time="0.0">
    <skipped/>
  </testcase> <!-- @BeforeMethod before -->
  <testcase classname="TestCases.TestCases" name="@BeforeMethod before" time="0.0">
    <skipped/>
  </testcase> <!-- @BeforeMethod before -->
  <testcase classname="TestCases.TestCases" name="@BeforeMethod before" time="0.0">
    <skipped/>
  </testcase> <!-- @BeforeMethod before -->
  <testcase classname="TestCases.TestCases" name="@BeforeMethod before" time="0.0">
    <skipped/>
  </testcase> <!-- @BeforeMethod before -->
  <testcase classname="TestCases.TestCases" name="@BeforeMethod before" time="0.0">
    <skipped/>
  </testcase> <!-- @BeforeMethod before -->
  <testcase classname="TestCases.TestCases" name="@BeforeMethod before" time="0.0">
    <skipped/>
  </testcase> <!-- @BeforeMethod before -->
  <testcase classname="TestCases.TestCases" name="@BeforeMethod before" time="0.0">
    <skipped/>
  </testcase> <!-- @BeforeMethod before -->
  <testcase classname="TestCases.TestCases" name="@BeforeMethod before" time="0.0">
    <skipped/>
  </testcase> <!-- @BeforeMethod before -->
  <testcase classname="TestCases.TestCases" name="@BeforeMethod before" time="0.0">
    <skipped/>
  </testcase> <!-- @BeforeMethod before -->
  <testcase classname="TestCases.TestCases" name="@BeforeMethod before" time="0.0">
    <skipped/>
  </testcase> <!-- @BeforeMethod before -->
  <testcase classname="TestCases.TestCases" name="@BeforeMethod before" time="0.0">
    <skipped/>
  </testcase> <!-- @BeforeMethod before -->
  <testcase classname="TestCases.TestCases" name="@BeforeMethod before" time="0.0">
    <skipped/>
  </testcase> <!-- @BeforeMethod before -->
  <testcase classname="TestCases.TestCases" name="@BeforeMethod before" time="0.0">
    <skipped/>
  </testcase> <!-- @BeforeMethod before -->
  <testcase classname="TestCases.TestCases" name="@BeforeMethod before" time="0.0">
    <skipped/>
  </testcase> <!-- @BeforeMethod before -->
  <testcase classname="TestCases.TestCases" name="@BeforeMethod before" time="0.0">
    <skipped/>
  </testcase> <!-- @BeforeMethod before -->
  <testcase classname="TestCases.TestCases" name="@BeforeMethod before" time="0.0">
    <skipped/>
  </testcase> <!-- @BeforeMethod before -->
  <testcase classname="TestCases.TestCases" name="@BeforeMethod before" time="0.0">
    <skipped/>
  </testcase> <!-- @BeforeMethod before -->
  <testcase classname="TestCases.TestCases" name="@BeforeMethod before" time="0.0">
    <skipped/>
  </testcase> <!-- @BeforeMethod before -->
  <testcase classname="TestCases.TestCases" name="@BeforeMethod before" time="0.0">
    <skipped/>
  </testcase> <!-- @BeforeMethod before -->
  <testcase classname="TestCases.TestCases" name="@BeforeMethod before" time="0.0">
    <skipped/>
  </testcase> <!-- @BeforeMethod before -->
  <testcase classname="TestCases.TestCases" name="@BeforeMethod before" time="0.0">
    <skipped/>
  </testcase> <!-- @BeforeMethod before -->
  <testcase classname="TestCases.TestCases" name="@BeforeMethod before" time="0.0">
    <skipped/>
  </testcase> <!-- @BeforeMethod before -->
  <testcase classname="TestCases.TestCases" name="@BeforeMethod before" time="0.0">
    <skipped/>
  </testcase> <!-- @BeforeMethod before -->
  <testcase classname="TestCases.TestCases" name="@BeforeMethod before" time="0.0">
    <skipped/>
  </testcase> <!-- @BeforeMethod before -->
  <testcase classname="TestCases.TestCases" name="@BeforeMethod before" time="0.0">
    <skipped/>
  </testcase> <!-- @BeforeMethod before -->
  <testcase classname="TestCases.TestCases" name="@BeforeMethod before" time="0.0">
    <skipped/>
  </testcase> <!-- @BeforeMethod before -->
  <testcase classname="TestCases.TestCases" name="@BeforeMethod before" time="0.0">
    <skipped/>
  </testcase> <!-- @BeforeMethod before -->
  <testcase classname="TestCases.TestCases" name="@BeforeMethod before" time="0.0">
    <skipped/>
  </testcase> <!-- @BeforeMethod before -->
  <testcase classname="TestCases.TestCases" name="@BeforeMethod before" time="0.0">
    <skipped/>
  </testcase> <!-- @BeforeMethod before -->
  <testcase classname="TestCases.TestCases" name="@BeforeMethod before" time="0.0">
    <skipped/>
  </testcase> <!-- @BeforeMethod before -->
  <testcase classname="TestCases.TestCases" name="@BeforeMethod before" time="0.0">
    <skipped/>
  </testcase> <!-- @BeforeMethod before -->
  <testcase classname="TestCases.TestCases" name="@BeforeMethod before" time="0.0">
    <skipped/>
  </testcase> <!-- @BeforeMethod before -->
  <testcase classname="TestCases.TestCases" name="@BeforeMethod before" time="0.0">
    <skipped/>
  </testcase> <!-- @BeforeMethod before -->
  <testcase classname="TestCases.TestCases" name="@BeforeMethod before" time="0.0">
    <skipped/>
  </testcase> <!-- @BeforeMethod before -->
  <testcase classname="TestCases.TestCases" name="@BeforeMethod before" time="0.0">
    <skipped/>
  </testcase> <!-- @BeforeMethod before -->
  <testcase classname="TestCases.TestCases" name="@BeforeMethod before" time="0.0">
    <skipped/>
  </testcase> <!-- @BeforeMethod before -->
  <testcase classname="TestCases.TestCases" name="@BeforeMethod before" time="0.0">
    <skipped/>
  </testcase> <!-- @BeforeMethod before -->
  <testcase classname="TestCases.TestCases" name="@BeforeMethod before" time="0.0">
    <skipped/>
  </testcase> <!-- @BeforeMethod before -->
  <testcase classname="TestCases.TestCases" name="@BeforeMethod before" time="0.0">
    <skipped/>
  </testcase> <!-- @BeforeMethod before -->
  <testcase classname="TestCases.TestCases" name="@BeforeMethod before" time="0.0">
    <skipped/>
  </testcase> <!-- @BeforeMethod before -->
  <testcase classname="TestCases.TestCases" name="@BeforeMethod before" time="0.0">
    <skipped/>
  </testcase> <!-- @BeforeMethod before -->
  <testcase classname="TestCases.TestCases" name="@BeforeMethod before" time="0.0">
    <skipped/>
  </testcase> <!-- @BeforeMethod before -->
  <testcase classname="TestCases.TestCases" name="@BeforeMethod before" time="0.0">
    <skipped/>
  </testcase> <!-- @BeforeMethod before -->
  <testcase classname="TestCases.TestCases" name="@BeforeMethod before" time="0.0">
    <skipped/>
  </testcase> <!-- @BeforeMethod before -->
  <testcase classname="TestCases.TestCases" name="@BeforeMethod before" time="0.0">
    <skipped/>
  </testcase> <!-- @BeforeMethod before -->
  <testcase classname="TestCases.TestCases" name="@BeforeMethod before" time="0.0">
    <skipped/>
  </testcase> <!-- @BeforeMethod before -->
  <testcase classname="TestCases.TestCases" name="@BeforeMethod before" time="0.0">
    <skipped/>
  </testcase> <!-- @BeforeMethod before -->
  <testcase classname="TestCases.TestCases" name="@BeforeMethod before" time="0.0">
    <skipped/>
  </testcase> <!-- @BeforeMethod before -->
  <testcase classname="TestCases.TestCases" name="@BeforeMethod before" time="0.0">
    <skipped/>
  </testcase> <!-- @BeforeMethod before -->
  <testcase classname="TestCases.TestCases" name="@BeforeMethod before" time="0.0">
    <skipped/>
  </testcase> <!-- @BeforeMethod before -->
  <testcase classname="TestCases.TestCases" name="@BeforeMethod before" time="0.0">
    <skipped/>
  </testcase> <!-- @BeforeMethod before -->
  <testcase classname="TestCases.TestCases" name="@BeforeMethod before" time="0.0">
    <skipped/>
  </testcase> <!-- @BeforeMethod before -->
  <testcase classname="TestCases.TestCases" name="@BeforeMethod before" time="0.0">
    <skipped/>
  </testcase> <!-- @BeforeMethod before -->
  <testcase classname="TestCases.TestCases" name="@BeforeMethod before" time="0.0">
    <skipped/>
  </testcase> <!-- @BeforeMethod before -->
  <testcase classname="TestCases.TestCases" name="@BeforeMethod before" time="0.0">
    <skipped/>
  </testcase> <!-- @BeforeMethod before -->
  <testcase classname="TestCases.TestCases" name="@BeforeMethod before" time="0.0">
    <skipped/>
  </testcase> <!-- @BeforeMethod before -->
  <testcase classname="TestCases.TestCases" name="@BeforeMethod before" time="0.0">
    <skipped/>
  </testcase> <!-- @BeforeMethod before -->
  <testcase classname="TestCases.TestCases" name="@BeforeMethod before" time="0.0">
    <skipped/>
  </testcase> <!-- @BeforeMethod before -->
  <testcase classname="TestCases.TestCases" name="@BeforeMethod before" time="0.0">
    <skipped/>
  </testcase> <!-- @BeforeMethod before -->
  <testcase classname="TestCases.TestCases" name="@BeforeMethod before" time="0.0">
    <skipped/>
  </testcase> <!-- @BeforeMethod before -->
  <testcase classname="TestCases.TestCases" name="@BeforeMethod before" time="0.0">
    <skipped/>
  </testcase> <!-- @BeforeMethod before -->
  <testcase classname="TestCases.TestCases" name="@BeforeMethod before" time="0.0">
    <skipped/>
  </testcase> <!-- @BeforeMethod before -->
  <testcase classname="TestCases.TestCases" name="@BeforeMethod before" time="0.0">
    <skipped/>
  </testcase> <!-- @BeforeMethod before -->
  <testcase classname="TestCases.TestCases" name="@BeforeMethod before" time="0.0">
    <skipped/>
  </testcase> <!-- @BeforeMethod before -->
  <testcase classname="TestCases.TestCases" name="@BeforeMethod before" time="0.0">
    <skipped/>
  </testcase> <!-- @BeforeMethod before -->
  <testcase classname="TestCases.TestCases" name="@BeforeMethod before" time="0.0">
    <skipped/>
  </testcase> <!-- @BeforeMethod before -->
  <testcase classname="TestCases.TestCases" name="@BeforeMethod before" time="0.0">
    <skipped/>
  </testcase> <!-- @BeforeMethod before -->
  <testcase classname="TestCases.TestCases" name="@BeforeMethod before" time="0.0">
    <skipped/>
  </testcase> <!-- @BeforeMethod before -->
  <testcase classname="TestCases.TestCases" name="@BeforeMethod before" time="0.0">
    <skipped/>
  </testcase> <!-- @BeforeMethod before -->
  <testcase classname="TestCases.TestCases" name="@BeforeMethod before" time="0.0">
    <skipped/>
  </testcase> <!-- @BeforeMethod before -->
  <testcase classname="TestCases.TestCases" name="@BeforeMethod before" time="0.0">
    <skipped/>
  </testcase> <!-- @BeforeMethod before -->
  <testcase classname="TestCases.TestCases" name="@BeforeMethod before" time="0.0">
    <skipped/>
  </testcase> <!-- @BeforeMethod before -->
  <testcase classname="TestCases.TestCases" name="@BeforeMethod before" time="0.0">
    <skipped/>
  </testcase> <!-- @BeforeMethod before -->
  <testcase classname="TestCases.TestCases" name="@BeforeMethod before" time="0.0">
    <skipped/>
  </testcase> <!-- @BeforeMethod before -->
  <testcase classname="TestCases.TestCases" name="@BeforeMethod before" time="0.0">
    <skipped/>
  </testcase> <!-- @BeforeMethod before -->
  <testcase classname="TestCases.TestCases" name="@BeforeMethod before" time="0.0">
    <skipped/>
  </testcase> <!-- @BeforeMethod before -->
  <testcase classname="TestCases.TestCases" name="@BeforeMethod before" time="0.0">
    <skipped/>
  </testcase> <!-- @BeforeMethod before -->
  <testcase classname="TestCases.TestCases" name="@BeforeMethod before" time="0.0">
    <skipped/>
  </testcase> <!-- @BeforeMethod before -->
  <testcase classname="TestCases.TestCases" name="@BeforeMethod before" time="0.0">
    <skipped/>
  </testcase> <!-- @BeforeMethod before -->
  <testcase classname="TestCases.TestCases" name="@BeforeMethod before" time="0.0">
    <skipped/>
  </testcase> <!-- @BeforeMethod before -->
  <testcase classname="TestCases.TestCases" name="@BeforeMethod before" time="0.0">
    <skipped/>
  </testcase> <!-- @BeforeMethod before -->
  <testcase classname="TestCases.TestCases" name="@BeforeMethod before" time="0.0">
    <skipped/>
  </testcase> <!-- @BeforeMethod before -->
  <testcase classname="TestCases.TestCases" name="@BeforeMethod before" time="0.0">
    <skipped/>
  </testcase> <!-- @BeforeMethod before -->
  <testcase classname="TestCases.TestCases" name="@BeforeMethod before" time="0.0">
    <skipped/>
  </testcase> <!-- @BeforeMethod before -->
  <testcase classname="TestCases.TestCases" name="@BeforeMethod before" time="0.0">
    <skipped/>
  </testcase> <!-- @BeforeMethod before -->
  <testcase classname="TestCases.TestCases" name="@BeforeMethod before" time="0.0">
    <skipped/>
  </testcase> <!-- @BeforeMethod before -->
  <testcase classname="TestCases.TestCases" name="@BeforeMethod before" time="0.0">
    <skipped/>
  </testcase> <!-- @BeforeMethod before -->
  <testcase classname="TestCases.TestCases" name="@BeforeMethod before" time="0.0">
    <skipped/>
  </testcase> <!-- @BeforeMethod before -->
  <testcase classname="TestCases.TestCases" name="@BeforeMethod before" time="0.0">
    <skipped/>
  </testcase> <!-- @BeforeMethod before -->
  <testcase classname="TestCases.TestCases" name="@BeforeMethod before" time="0.0">
    <skipped/>
  </testcase> <!-- @BeforeMethod before -->
  <testcase classname="TestCases.TestCases" name="@BeforeMethod before" time="0.0">
    <skipped/>
  </testcase> <!-- @BeforeMethod before -->
  <testcase classname="TestCases.TestCases" name="@BeforeMethod before" time="0.0">
    <skipped/>
  </testcase> <!-- @BeforeMethod before -->
  <testcase classname="TestCases.TestCases" name="@BeforeMethod before" time="0.0">
    <skipped/>
  </testcase> <!-- @BeforeMethod before -->
  <testcase classname="TestCases.TestCases" name="@BeforeMethod before" time="0.0">
    <skipped/>
  </testcase> <!-- @BeforeMethod before -->
  <testcase classname="TestCases.TestCases" name="@BeforeMethod before" time="0.0">
    <skipped/>
  </testcase> <!-- @BeforeMethod before -->
  <testcase classname="TestCases.TestCases" name="@BeforeMethod before" time="0.0">
    <skipped/>
  </testcase> <!-- @BeforeMethod before -->
  <testcase classname="TestCases.TestCases" name="@BeforeMethod before" time="0.0">
    <skipped/>
  </testcase> <!-- @BeforeMethod before -->
  <testcase classname="TestCases.TestCases" name="@BeforeMethod before" time="0.0">
    <skipped/>
  </testcase> <!-- @BeforeMethod before -->
  <testcase classname="TestCases.TestCases" name="@BeforeMethod before" time="0.0">
    <skipped/>
  </testcase> <!-- @BeforeMethod before -->
  <testcase classname="TestCases.TestCases" name="@BeforeMethod before" time="0.0">
    <skipped/>
  </testcase> <!-- @BeforeMethod before -->
  <testcase classname="TestCases.TestCases" name="@BeforeMethod before" time="0.0">
    <skipped/>
  </testcase> <!-- @BeforeMethod before -->
  <testcase classname="TestCases.TestCases" name="@BeforeMethod before" time="0.0">
    <skipped/>
  </testcase> <!-- @BeforeMethod before -->
  <testcase classname="TestCases.TestCases" name="@BeforeMethod before" time="0.0">
    <skipped/>
  </testcase> <!-- @BeforeMethod before -->
  <testcase classname="TestCases.TestCases" name="@BeforeMethod before" time="0.0">
    <skipped/>
  </testcase> <!-- @BeforeMethod before -->
  <testcase classname="TestCases.TestCases" name="@BeforeMethod before" time="0.0">
    <skipped/>
  </testcase> <!-- @BeforeMethod before -->
  <testcase classname="TestCases.TestCases" name="@BeforeMethod before" time="0.0">
    <skipped/>
  </testcase> <!-- @BeforeMethod before -->
  <testcase classname="TestCases.TestCases" name="@BeforeMethod before" time="0.0">
    <skipped/>
  </testcase> <!-- @BeforeMethod before -->
  <testcase classname="TestCases.TestCases" name="@BeforeMethod before" time="0.0">
    <skipped/>
  </testcase> <!-- @BeforeMethod before -->
  <testcase classname="TestCases.TestCases" name="@BeforeMethod before" time="0.0">
    <skipped/>
  </testcase> <!-- @BeforeMethod before -->
  <testcase classname="TestCases.TestCases" name="@BeforeMethod before" time="0.0">
    <skipped/>
  </testcase> <!-- @BeforeMethod before -->
  <testcase classname="TestCases.TestCases" name="@BeforeMethod before" time="0.0">
    <skipped/>
  </testcase> <!-- @BeforeMethod before -->
  <testcase classname="TestCases.TestCases" name="@BeforeMethod before" time="0.0">
    <skipped/>
  </testcase> <!-- @BeforeMethod before -->
  <testcase classname="TestCases.TestCases" name="@BeforeMethod before" time="0.0">
    <skipped/>
  </testcase> <!-- @BeforeMethod before -->
  <testcase classname="TestCases.TestCases" name="@BeforeMethod before" time="0.0">
    <skipped/>
  </testcase> <!-- @BeforeMethod before -->
  <testcase classname="TestCases.TestCases" name="@BeforeMethod before" time="0.0">
    <skipped/>
  </testcase> <!-- @BeforeMethod before -->
  <testcase classname="TestCases.TestCases" name="@BeforeMethod before" time="0.0">
    <skipped/>
  </testcase> <!-- @BeforeMethod before -->
  <testcase classname="TestCases.TestCases" name="@BeforeMethod before" time="0.0">
    <skipped/>
  </testcase> <!-- @BeforeMethod before -->
  <testcase classname="TestCases.TestCases" name="@BeforeMethod before" time="0.0">
    <skipped/>
  </testcase> <!-- @BeforeMethod before -->
  <testcase classname="TestCases.TestCases" name="@BeforeMethod before" time="0.0">
    <skipped/>
  </testcase> <!-- @BeforeMethod before -->
  <testcase classname="TestCases.TestCases" name="@BeforeMethod before" time="0.0">
    <skipped/>
  </testcase> <!-- @BeforeMethod before -->
  <testcase classname="TestCases.TestCases" name="@BeforeMethod before" time="0.0">
    <skipped/>
  </testcase> <!-- @BeforeMethod before -->
  <testcase classname="TestCases.TestCases" name="@BeforeMethod before" time="0.0">
    <skipped/>
  </testcase> <!-- @BeforeMethod before -->
  <testcase classname="TestCases.TestCases" name="@BeforeMethod before" time="0.0">
    <skipped/>
  </testcase> <!-- @BeforeMethod before -->
  <testcase classname="TestCases.TestCases" name="@BeforeMethod before" time="0.0">
    <skipped/>
  </testcase> <!-- @BeforeMethod before -->
  <testcase classname="TestCases.TestCases" name="@BeforeMethod before" time="0.0">
    <skipped/>
  </testcase> <!-- @BeforeMethod before -->
  <testcase classname="TestCases.TestCases" name="@BeforeMethod before" time="0.0">
    <skipped/>
  </testcase> <!-- @BeforeMethod before -->
  <testcase classname="TestCases.TestCases" name="@BeforeMethod before" time="0.0">
    <skipped/>
  </testcase> <!-- @BeforeMethod before -->
  <testcase classname="TestCases.TestCases" name="@BeforeMethod before" time="0.0">
    <skipped/>
  </testcase> <!-- @BeforeMethod before -->
  <testcase classname="TestCases.TestCases" name="@BeforeMethod before" time="0.0">
    <skipped/>
  </testcase> <!-- @BeforeMethod before -->
  <testcase classname="TestCases.TestCases" name="@BeforeMethod before" time="0.0">
    <skipped/>
  </testcase> <!-- @BeforeMethod before -->
  <testcase classname="TestCases.TestCases" name="@BeforeMethod before" time="0.0">
    <skipped/>
  </testcase> <!-- @BeforeMethod before -->
  <testcase classname="TestCases.TestCases" name="@BeforeMethod before" time="0.0">
    <skipped/>
  </testcase> <!-- @BeforeMethod before -->
  <testcase classname="TestCases.TestCases" name="@BeforeMethod before" time="0.0">
    <skipped/>
  </testcase> <!-- @BeforeMethod before -->
  <testcase classname="TestCases.TestCases" name="@BeforeMethod before" time="0.0">
    <skipped/>
  </testcase> <!-- @BeforeMethod before -->
  <testcase classname="TestCases.TestCases" name="@BeforeMethod before" time="0.0">
    <skipped/>
  </testcase> <!-- @BeforeMethod before -->
  <testcase classname="TestCases.TestCases" name="@BeforeMethod before" time="0.0">
    <skipped/>
  </testcase> <!-- @BeforeMethod before -->
  <testcase classname="TestCases.TestCases" name="@BeforeMethod before" time="0.0">
    <skipped/>
  </testcase> <!-- @BeforeMethod before -->
  <testcase classname="TestCases.TestCases" name="@BeforeMethod before" time="0.0">
    <skipped/>
  </testcase> <!-- @BeforeMethod before -->
  <testcase classname="TestCases.TestCases" name="@BeforeMethod before" time="0.0">
    <skipped/>
  </testcase> <!-- @BeforeMethod before -->
  <testcase classname="TestCases.TestCases" name="@BeforeMethod before" time="0.0">
    <skipped/>
  </testcase> <!-- @BeforeMethod before -->
  <testcase classname="TestCases.TestCases" name="@BeforeMethod before" time="0.0">
    <skipped/>
  </testcase> <!-- @BeforeMethod before -->
  <testcase classname="TestCases.TestCases" name="@BeforeMethod before" time="0.0">
    <skipped/>
  </testcase> <!-- @BeforeMethod before -->
  <testcase classname="TestCases.TestCases" name="@BeforeMethod before" time="0.0">
    <skipped/>
  </testcase> <!-- @BeforeMethod before -->
  <testcase classname="TestCases.TestCases" name="@BeforeMethod before" time="0.0">
    <skipped/>
  </testcase> <!-- @BeforeMethod before -->
  <testcase classname="TestCases.TestCases" name="@BeforeMethod before" time="0.0">
    <skipped/>
  </testcase> <!-- @BeforeMethod before -->
  <testcase classname="TestCases.TestCases" name="@BeforeMethod before" time="0.0">
    <skipped/>
  </testcase> <!-- @BeforeMethod before -->
  <testcase classname="TestCases.TestCases" name="@BeforeMethod before" time="0.0">
    <skipped/>
  </testcase> <!-- @BeforeMethod before -->
  <testcase classname="TestCases.TestCases" name="@BeforeMethod before" time="0.0">
    <skipped/>
  </testcase> <!-- @BeforeMethod before -->
  <testcase classname="TestCases.TestCases" name="@BeforeMethod before" time="0.0">
    <skipped/>
  </testcase> <!-- @BeforeMethod before -->
  <testcase classname="TestCases.TestCases" name="@BeforeMethod before" time="0.0">
    <skipped/>
  </testcase> <!-- @BeforeMethod before -->
  <testcase classname="TestCases.TestCases" name="@BeforeMethod before" time="0.0">
    <skipped/>
  </testcase> <!-- @BeforeMethod before -->
  <testcase classname="TestCases.TestCases" name="@BeforeMethod before" time="0.0">
    <skipped/>
  </testcase> <!-- @BeforeMethod before -->
  <testcase classname="TestCases.TestCases" name="@BeforeMethod before" time="0.0">
    <skipped/>
  </testcase> <!-- @BeforeMethod before -->
  <testcase classname="TestCases.TestCases" name="@BeforeMethod before" time="0.0">
    <skipped/>
  </testcase> <!-- @BeforeMethod before -->
  <testcase classname="TestCases.TestCases" name="@BeforeMethod before" time="0.0">
    <skipped/>
  </testcase> <!-- @BeforeMethod before -->
  <testcase classname="TestCases.TestCases" name="@BeforeMethod before" time="0.0">
    <skipped/>
  </testcase> <!-- @BeforeMethod before -->
  <testcase classname="TestCases.TestCases" name="@BeforeMethod before" time="0.0">
    <skipped/>
  </testcase> <!-- @BeforeMethod before -->
  <testcase classname="TestCases.TestCases" name="@BeforeMethod before" time="0.0">
    <skipped/>
  </testcase> <!-- @BeforeMethod before -->
  <testcase classname="TestCases.TestCases" name="@BeforeMethod before" time="0.0">
    <skipped/>
  </testcase> <!-- @BeforeMethod before -->
  <testcase classname="TestCases.TestCases" name="@BeforeMethod before" time="0.0">
    <skipped/>
  </testcase> <!-- @BeforeMethod before -->
  <testcase classname="TestCases.TestCases" name="@BeforeMethod before" time="0.0">
    <skipped/>
  </testcase> <!-- @BeforeMethod before -->
  <testcase classname="TestCases.TestCases" name="@BeforeMethod before" time="0.0">
    <skipped/>
  </testcase> <!-- @BeforeMethod before -->
  <testcase classname="TestCases.TestCases" name="@BeforeMethod before" time="0.0">
    <skipped/>
  </testcase> <!-- @BeforeMethod before -->
  <testcase classname="TestCases.TestCases" name="@BeforeMethod before" time="0.0">
    <skipped/>
  </testcase> <!-- @BeforeMethod before -->
  <testcase classname="TestCases.TestCases" name="@BeforeMethod before" time="0.0">
    <skipped/>
  </testcase> <!-- @BeforeMethod before -->
  <testcase classname="TestCases.TestCases" name="@BeforeMethod before" time="0.0">
    <skipped/>
  </testcase> <!-- @BeforeMethod before -->
  <testcase classname="TestCases.TestCases" name="@BeforeMethod before" time="0.0">
    <skipped/>
  </testcase> <!-- @BeforeMethod before -->
  <testcase classname="TestCases.TestCases" name="@BeforeMethod before" time="0.0">
    <skipped/>
  </testcase> <!-- @BeforeMethod before -->
  <testcase classname="TestCases.TestCases" name="@BeforeMethod before" time="0.0">
    <skipped/>
  </testcase> <!-- @BeforeMethod before -->
  <testcase classname="TestCases.TestCases" name="@BeforeMethod before" time="0.0">
    <skipped/>
  </testcase> <!-- @BeforeMethod before -->
  <testcase classname="TestCases.TestCases" name="@BeforeMethod before" time="0.0">
    <skipped/>
  </testcase> <!-- @BeforeMethod before -->
  <testcase classname="TestCases.TestCases" name="@BeforeMethod before" time="0.0">
    <skipped/>
  </testcase> <!-- @BeforeMethod before -->
  <testcase classname="TestCases.TestCases" name="@BeforeMethod before" time="0.0">
    <skipped/>
  </testcase> <!-- @BeforeMethod before -->
  <testcase classname="TestCases.TestCases" name="@BeforeMethod before" time="0.0">
    <skipped/>
  </testcase> <!-- @BeforeMethod before -->
  <testcase classname="TestCases.TestCases" name="@BeforeMethod before" time="0.0">
    <skipped/>
  </testcase> <!-- @BeforeMethod before -->
  <testcase classname="TestCases.TestCases" name="@BeforeMethod before" time="0.0">
    <skipped/>
  </testcase> <!-- @BeforeMethod before -->
  <testcase classname="TestCases.TestCases" name="@BeforeMethod before" time="0.0">
    <skipped/>
  </testcase> <!-- @BeforeMethod before -->
  <testcase classname="TestCases.TestCases" name="@BeforeMethod before" time="0.0">
    <skipped/>
  </testcase> <!-- @BeforeMethod before -->
  <testcase classname="TestCases.TestCases" name="@BeforeMethod before" time="0.0">
    <skipped/>
  </testcase> <!-- @BeforeMethod before -->
  <testcase classname="TestCases.TestCases" name="@BeforeMethod before" time="0.0">
    <skipped/>
  </testcase> <!-- @BeforeMethod before -->
  <testcase classname="TestCases.TestCases" name="@BeforeMethod before" time="0.0">
    <skipped/>
  </testcase> <!-- @BeforeMethod before -->
  <testcase classname="TestCases.TestCases" name="@BeforeMethod before" time="0.0">
    <skipped/>
  </testcase> <!-- @BeforeMethod before -->
  <testcase classname="TestCases.TestCases" name="@BeforeMethod before" time="0.0">
    <skipped/>
  </testcase> <!-- @BeforeMethod before -->
  <testcase classname="TestCases.TestCases" name="@BeforeMethod before" time="0.0">
    <skipped/>
  </testcase> <!-- @BeforeMethod before -->
  <testcase classname="TestCases.TestCases" name="@BeforeMethod before" time="0.0">
    <skipped/>
  </testcase> <!-- @BeforeMethod before -->
  <testcase classname="TestCases.TestCases" name="@BeforeMethod before" time="0.0">
    <skipped/>
  </testcase> <!-- @BeforeMethod before -->
  <testcase classname="TestCases.TestCases" name="@BeforeMethod before" time="0.0">
    <skipped/>
  </testcase> <!-- @BeforeMethod before -->
  <testcase classname="TestCases.TestCases" name="@BeforeMethod before" time="0.0">
    <skipped/>
  </testcase> <!-- @BeforeMethod before -->
  <testcase classname="TestCases.TestCases" name="@BeforeMethod before" time="0.0">
    <skipped/>
  </testcase> <!-- @BeforeMethod before -->
  <testcase classname="TestCases.TestCases" name="@BeforeMethod before" time="0.0">
    <skipped/>
  </testcase> <!-- @BeforeMethod before -->
  <testcase classname="TestCases.TestCases" name="@BeforeMethod before" time="0.0">
    <skipped/>
  </testcase> <!-- @BeforeMethod before -->
  <testcase classname="TestCases.TestCases" name="@BeforeMethod before" time="0.0">
    <skipped/>
  </testcase> <!-- @BeforeMethod before -->
  <testcase classname="TestCases.TestCases" name="@BeforeMethod before" time="0.0">
    <skipped/>
  </testcase> <!-- @BeforeMethod before -->
  <testcase classname="TestCases.TestCases" name="@BeforeMethod before" time="0.0">
    <skipped/>
  </testcase> <!-- @BeforeMethod before -->
  <testcase classname="TestCases.TestCases" name="@BeforeMethod before" time="0.0">
    <skipped/>
  </testcase> <!-- @BeforeMethod before -->
  <testcase classname="TestCases.TestCases" name="@BeforeMethod before" time="0.0">
    <skipped/>
  </testcase> <!-- @BeforeMethod before -->
  <testcase classname="TestCases.TestCases" name="@BeforeMethod before" time="0.0">
    <skipped/>
  </testcase> <!-- @BeforeMethod before -->
  <testcase classname="TestCases.TestCases" name="@BeforeMethod before" time="0.0">
    <skipped/>
  </testcase> <!-- @BeforeMethod before -->
  <testcase classname="TestCases.TestCases" name="@BeforeMethod before" time="0.0">
    <skipped/>
  </testcase> <!-- @BeforeMethod before -->
  <testcase classname="TestCases.TestCases" name="@BeforeMethod before" time="0.0">
    <skipped/>
  </testcase> <!-- @BeforeMethod before -->
  <testcase classname="TestCases.TestCases" name="@BeforeMethod before" time="0.0">
    <skipped/>
  </testcase> <!-- @BeforeMethod before -->
  <testcase classname="TestCases.TestCases" name="@BeforeMethod before" time="0.0">
    <skipped/>
  </testcase> <!-- @BeforeMethod before -->
  <testcase classname="TestCases.TestCases" name="@BeforeMethod before" time="0.0">
    <skipped/>
  </testcase> <!-- @BeforeMethod before -->
  <testcase classname="TestCases.TestCases" name="@BeforeMethod before" time="0.0">
    <skipped/>
  </testcase> <!-- @BeforeMethod before -->
  <testcase classname="TestCases.TestCases" name="@BeforeMethod before" time="0.0">
    <skipped/>
  </testcase> <!-- @BeforeMethod before -->
  <testcase classname="TestCases.TestCases" name="@BeforeMethod before" time="0.0">
    <skipped/>
  </testcase> <!-- @BeforeMethod before -->
  <testcase classname="TestCases.TestCases" name="@BeforeMethod before" time="0.0">
    <skipped/>
  </testcase> <!-- @BeforeMethod before -->
  <testcase classname="TestCases.TestCases" name="@BeforeMethod before" time="0.0">
    <skipped/>
  </testcase> <!-- @BeforeMethod before -->
  <testcase classname="TestCases.TestCases" name="@BeforeMethod before" time="0.0">
    <skipped/>
  </testcase> <!-- @BeforeMethod before -->
  <testcase classname="TestCases.TestCases" name="@BeforeMethod before" time="0.0">
    <skipped/>
  </testcase> <!-- @BeforeMethod before -->
  <testcase classname="TestCases.TestCases" name="@BeforeMethod before" time="0.0">
    <skipped/>
  </testcase> <!-- @BeforeMethod before -->
  <testcase classname="TestCases.TestCases" name="@BeforeMethod before" time="0.0">
    <skipped/>
  </testcase> <!-- @BeforeMethod before -->
  <testcase classname="TestCases.TestCases" name="@BeforeMethod before" time="0.0">
    <skipped/>
  </testcase> <!-- @BeforeMethod before -->
  <testcase classname="TestCases.TestCases" name="@BeforeMethod before" time="0.0">
    <skipped/>
  </testcase> <!-- @BeforeMethod before -->
  <testcase classname="TestCases.TestCases" name="@BeforeMethod before" time="0.0">
    <skipped/>
  </testcase> <!-- @BeforeMethod before -->
  <testcase classname="TestCases.TestCases" name="@BeforeMethod before" time="0.0">
    <skipped/>
  </testcase> <!-- @BeforeMethod before -->
  <testcase classname="TestCases.TestCases" name="@BeforeMethod before" time="0.0">
    <skipped/>
  </testcase> <!-- @BeforeMethod before -->
  <testcase classname="TestCases.TestCases" name="@BeforeMethod before" time="0.0">
    <skipped/>
  </testcase> <!-- @BeforeMethod before -->
  <testcase classname="TestCases.TestCases" name="@BeforeMethod before" time="0.0">
    <skipped/>
  </testcase> <!-- @BeforeMethod before -->
  <testcase classname="TestCases.TestCases" name="@BeforeMethod before" time="0.0">
    <skipped/>
  </testcase> <!-- @BeforeMethod before -->
  <testcase classname="TestCases.TestCases" name="@BeforeMethod before" time="0.0">
    <skipped/>
  </testcase> <!-- @BeforeMethod before -->
  <testcase classname="TestCases.TestCases" name="@BeforeMethod before" time="0.0">
    <skipped/>
  </testcase> <!-- @BeforeMethod before -->
  <testcase classname="TestCases.TestCases" name="@BeforeMethod before" time="0.0">
    <skipped/>
  </testcase> <!-- @BeforeMethod before -->
  <testcase classname="TestCases.TestCases" name="@BeforeMethod before" time="0.0">
    <skipped/>
  </testcase> <!-- @BeforeMethod before -->
  <testcase classname="TestCases.TestCases" name="@BeforeMethod before" time="0.0">
    <skipped/>
  </testcase> <!-- @BeforeMethod before -->
  <testcase classname="TestCases.TestCases" name="@BeforeMethod before" time="0.0">
    <skipped/>
  </testcase> <!-- @BeforeMethod before -->
  <testcase classname="TestCases.TestCases" name="@BeforeMethod before" time="0.0">
    <skipped/>
  </testcase> <!-- @BeforeMethod before -->
  <testcase classname="TestCases.TestCases" name="@BeforeMethod before" time="0.0">
    <skipped/>
  </testcase> <!-- @BeforeMethod before -->
  <testcase classname="TestCases.TestCases" name="@BeforeMethod before" time="0.0">
    <skipped/>
  </testcase> <!-- @BeforeMethod before -->
  <testcase classname="TestCases.TestCases" name="@BeforeMethod before" time="0.0">
    <skipped/>
  </testcase> <!-- @BeforeMethod before -->
  <testcase classname="TestCases.TestCases" name="@BeforeMethod before" time="0.0">
    <skipped/>
  </testcase> <!-- @BeforeMethod before -->
  <testcase classname="TestCases.TestCases" name="@BeforeMethod before" time="0.0">
    <skipped/>
  </testcase> <!-- @BeforeMethod before -->
  <testcase classname="TestCases.TestCases" name="@BeforeMethod before" time="0.0">
    <skipped/>
  </testcase> <!-- @BeforeMethod before -->
  <testcase classname="TestCases.TestCases" name="@BeforeMethod before" time="0.0">
    <skipped/>
  </testcase> <!-- @BeforeMethod before -->
  <testcase classname="TestCases.TestCases" name="@BeforeMethod before" time="0.0">
    <skipped/>
  </testcase> <!-- @BeforeMethod before -->
  <testcase classname="TestCases.TestCases" name="@BeforeMethod before" time="0.0">
    <skipped/>
  </testcase> <!-- @BeforeMethod before -->
  <testcase classname="TestCases.TestCases" name="@BeforeMethod before" time="0.0">
    <skipped/>
  </testcase> <!-- @BeforeMethod before -->
  <testcase classname="TestCases.TestCases" name="@BeforeMethod before" time="0.0">
    <skipped/>
  </testcase> <!-- @BeforeMethod before -->
  <testcase classname="TestCases.TestCases" name="@BeforeMethod before" time="0.0">
    <skipped/>
  </testcase> <!-- @BeforeMethod before -->
  <testcase classname="TestCases.TestCases" name="@BeforeMethod before" time="0.0">
    <skipped/>
  </testcase> <!-- @BeforeMethod before -->
  <testcase classname="TestCases.TestCases" name="@BeforeMethod before" time="0.0">
    <skipped/>
  </testcase> <!-- @BeforeMethod before -->
  <testcase classname="TestCases.TestCases" name="@BeforeMethod before" time="0.0">
    <skipped/>
  </testcase> <!-- @BeforeMethod before -->
  <testcase classname="TestCases.TestCases" name="@BeforeMethod before" time="0.0">
    <skipped/>
  </testcase> <!-- @BeforeMethod before -->
  <testcase classname="TestCases.TestCases" name="@BeforeMethod before" time="0.0">
    <skipped/>
  </testcase> <!-- @BeforeMethod before -->
  <testcase classname="TestCases.TestCases" name="@BeforeMethod before" time="0.0">
    <skipped/>
  </testcase> <!-- @BeforeMethod before -->
  <testcase classname="TestCases.TestCases" name="@BeforeMethod before" time="0.0">
    <skipped/>
  </testcase> <!-- @BeforeMethod before -->
  <testcase classname="TestCases.TestCases" name="@BeforeMethod before" time="0.0">
    <skipped/>
  </testcase> <!-- @BeforeMethod before -->
  <testcase classname="TestCases.TestCases" name="@BeforeMethod before" time="0.0">
    <skipped/>
  </testcase> <!-- @BeforeMethod before -->
  <testcase classname="TestCases.TestCases" name="@BeforeMethod before" time="0.0">
    <skipped/>
  </testcase> <!-- @BeforeMethod before -->
  <testcase classname="TestCases.TestCases" name="@BeforeMethod before" time="0.0">
    <skipped/>
  </testcase> <!-- @BeforeMethod before -->
  <testcase classname="TestCases.TestCases" name="@BeforeMethod before" time="0.0">
    <skipped/>
  </testcase> <!-- @BeforeMethod before -->
  <testcase classname="TestCases.TestCases" name="@BeforeMethod before" time="0.0">
    <skipped/>
  </testcase> <!-- @BeforeMethod before -->
  <testcase classname="TestCases.TestCases" name="@BeforeMethod before" time="0.0">
    <skipped/>
  </testcase> <!-- @BeforeMethod before -->
  <testcase classname="TestCases.TestCases" name="@BeforeMethod before" time="0.0">
    <skipped/>
  </testcase> <!-- @BeforeMethod before -->
  <testcase classname="TestCases.TestCases" name="@BeforeMethod before" time="0.0">
    <skipped/>
  </testcase> <!-- @BeforeMethod before -->
  <testcase classname="TestCases.TestCases" name="@BeforeMethod before" time="0.0">
    <skipped/>
  </testcase> <!-- @BeforeMethod before -->
  <testcase classname="TestCases.TestCases" name="@BeforeMethod before" time="0.0">
    <skipped/>
  </testcase> <!-- @BeforeMethod before -->
  <testcase classname="TestCases.TestCases" name="@BeforeMethod before" time="0.0">
    <skipped/>
  </testcase> <!-- @BeforeMethod before -->
  <testcase classname="TestCases.TestCases" name="@BeforeMethod before" time="0.0">
    <skipped/>
  </testcase> <!-- @BeforeMethod before -->
  <testcase classname="TestCases.TestCases" name="@BeforeMethod before" time="0.0">
    <skipped/>
  </testcase> <!-- @BeforeMethod before -->
  <testcase classname="TestCases.TestCases" name="@BeforeMethod before" time="0.0">
    <skipped/>
  </testcase> <!-- @BeforeMethod before -->
  <testcase classname="TestCases.TestCases" name="@BeforeMethod before" time="0.0">
    <skipped/>
  </testcase> <!-- @BeforeMethod before -->
  <testcase classname="TestCases.TestCases" name="@BeforeMethod before" time="0.0">
    <skipped/>
  </testcase> <!-- @BeforeMethod before -->
  <testcase classname="TestCases.TestCases" name="@BeforeMethod before" time="0.0">
    <skipped/>
  </testcase> <!-- @BeforeMethod before -->
  <testcase classname="TestCases.TestCases" name="@BeforeMethod before" time="0.0">
    <skipped/>
  </testcase> <!-- @BeforeMethod before -->
  <testcase classname="TestCases.TestCases" name="@BeforeMethod before" time="0.0">
    <skipped/>
  </testcase> <!-- @BeforeMethod before -->
  <testcase classname="TestCases.TestCases" name="@BeforeMethod before" time="0.0">
    <skipped/>
  </testcase> <!-- @BeforeMethod before -->
  <testcase classname="TestCases.TestCases" name="@BeforeMethod before" time="0.0">
    <skipped/>
  </testcase> <!-- @BeforeMethod before -->
  <testcase classname="TestCases.TestCases" name="@BeforeMethod before" time="0.0">
    <skipped/>
  </testcase> <!-- @BeforeMethod before -->
  <testcase classname="TestCases.TestCases" name="@BeforeMethod before" time="0.0">
    <skipped/>
  </testcase> <!-- @BeforeMethod before -->
  <testcase classname="TestCases.TestCases" name="@BeforeMethod before" time="0.0">
    <skipped/>
  </testcase> <!-- @BeforeMethod before -->
  <testcase classname="TestCases.TestCases" name="@BeforeMethod before" time="0.0">
    <skipped/>
  </testcase> <!-- @BeforeMethod before -->
  <testcase classname="TestCases.TestCases" name="@BeforeMethod before" time="0.0">
    <skipped/>
  </testcase> <!-- @BeforeMethod before -->
  <testcase classname="TestCases.TestCases" name="@BeforeMethod before" time="0.0">
    <skipped/>
  </testcase> <!-- @BeforeMethod before -->
  <testcase classname="TestCases.TestCases" name="@BeforeMethod before" time="0.0">
    <skipped/>
  </testcase> <!-- @BeforeMethod before -->
  <testcase classname="TestCases.TestCases" name="@BeforeMethod before" time="0.0">
    <skipped/>
  </testcase> <!-- @BeforeMethod before -->
  <testcase classname="TestCases.TestCases" name="@BeforeMethod before" time="0.0">
    <skipped/>
  </testcase> <!-- @BeforeMethod before -->
  <testcase classname="TestCases.TestCases" name="@BeforeMethod before" time="0.0">
    <skipped/>
  </testcase> <!-- @BeforeMethod before -->
  <testcase classname="TestCases.TestCases" name="@BeforeMethod before" time="0.0">
    <skipped/>
  </testcase> <!-- @BeforeMethod before -->
  <testcase classname="TestCases.TestCases" name="@BeforeMethod before" time="0.0">
    <skipped/>
  </testcase> <!-- @BeforeMethod before -->
  <testcase classname="TestCases.TestCases" name="@BeforeMethod before" time="0.0">
    <skipped/>
  </testcase> <!-- @BeforeMethod before -->
  <testcase classname="TestCases.TestCases" name="@BeforeMethod before" time="0.0">
    <skipped/>
  </testcase> <!-- @BeforeMethod before -->
  <testcase classname="TestCases.TestCases" name="@BeforeMethod before" time="0.0">
    <skipped/>
  </testcase> <!-- @BeforeMethod before -->
  <testcase classname="TestCases.TestCases" name="@BeforeMethod before" time="0.0">
    <skipped/>
  </testcase> <!-- @BeforeMethod before -->
  <testcase classname="TestCases.TestCases" name="@BeforeMethod before" time="0.0">
    <skipped/>
  </testcase> <!-- @BeforeMethod before -->
  <testcase classname="TestCases.TestCases" name="@BeforeMethod before" time="0.0">
    <skipped/>
  </testcase> <!-- @BeforeMethod before -->
  <testcase classname="TestCases.TestCases" name="@BeforeMethod before" time="0.0">
    <skipped/>
  </testcase> <!-- @BeforeMethod before -->
  <testcase classname="TestCases.TestCases" name="@BeforeMethod before" time="0.0">
    <skipped/>
  </testcase> <!-- @BeforeMethod before -->
  <testcase classname="TestCases.TestCases" name="@BeforeMethod before" time="0.0">
    <skipped/>
  </testcase> <!-- @BeforeMethod before -->
  <testcase classname="TestCases.TestCases" name="@BeforeMethod before" time="0.0">
    <skipped/>
  </testcase> <!-- @BeforeMethod before -->
  <testcase classname="TestCases.TestCases" name="@BeforeMethod before" time="0.0">
    <skipped/>
  </testcase> <!-- @BeforeMethod before -->
  <testcase classname="TestCases.TestCases" name="@BeforeMethod before" time="0.0">
    <skipped/>
  </testcase> <!-- @BeforeMethod before -->
  <testcase classname="TestCases.TestCases" name="@BeforeMethod before" time="0.0">
    <skipped/>
  </testcase> <!-- @BeforeMethod before -->
  <testcase classname="TestCases.TestCases" name="@BeforeMethod before" time="0.0">
    <skipped/>
  </testcase> <!-- @BeforeMethod before -->
  <testcase classname="TestCases.TestCases" name="@BeforeMethod before" time="0.0">
    <skipped/>
  </testcase> <!-- @BeforeMethod before -->
  <testcase classname="TestCases.TestCases" name="@BeforeMethod before" time="0.0">
    <skipped/>
  </testcase> <!-- @BeforeMethod before -->
  <testcase classname="TestCases.TestCases" name="@BeforeMethod before" time="0.0">
    <skipped/>
  </testcase> <!-- @BeforeMethod before -->
  <testcase classname="TestCases.TestCases" name="@BeforeMethod before" time="0.0">
    <skipped/>
  </testcase> <!-- @BeforeMethod before -->
  <testcase classname="TestCases.TestCases" name="@BeforeMethod before" time="0.0">
    <skipped/>
  </testcase> <!-- @BeforeMethod before -->
  <testcase classname="TestCases.TestCases" name="@BeforeMethod before" time="0.0">
    <skipped/>
  </testcase> <!-- @BeforeMethod before -->
  <testcase classname="TestCases.TestCases" name="@BeforeMethod before" time="0.0">
    <skipped/>
  </testcase> <!-- @BeforeMethod before -->
  <testcase classname="TestCases.TestCases" name="@BeforeMethod before" time="0.0">
    <skipped/>
  </testcase> <!-- @BeforeMethod before -->
  <testcase classname="TestCases.TestCases" name="@BeforeMethod before" time="0.0">
    <skipped/>
  </testcase> <!-- @BeforeMethod before -->
  <testcase classname="TestCases.TestCases" name="@BeforeMethod before" time="0.0">
    <skipped/>
  </testcase> <!-- @BeforeMethod before -->
  <testcase classname="TestCases.TestCases" name="@BeforeMethod before" time="0.0">
    <skipped/>
  </testcase> <!-- @BeforeMethod before -->
  <testcase classname="TestCases.TestCases" name="@BeforeMethod before" time="0.0">
    <skipped/>
  </testcase> <!-- @BeforeMethod before -->
  <testcase classname="TestCases.TestCases" name="@BeforeMethod before" time="0.0">
    <skipped/>
  </testcase> <!-- @BeforeMethod before -->
  <testcase classname="TestCases.TestCases" name="@BeforeMethod before" time="0.0">
    <skipped/>
  </testcase> <!-- @BeforeMethod before -->
  <testcase classname="TestCases.TestCases" name="@BeforeMethod before" time="0.0">
    <skipped/>
  </testcase> <!-- @BeforeMethod before -->
  <testcase classname="TestCases.TestCases" name="@BeforeMethod before" time="0.0">
    <skipped/>
  </testcase> <!-- @BeforeMethod before -->
  <testcase classname="TestCases.TestCases" name="@BeforeMethod before" time="0.0">
    <skipped/>
  </testcase> <!-- @BeforeMethod before -->
  <testcase classname="TestCases.TestCases" name="@BeforeMethod before" time="0.0">
    <skipped/>
  </testcase> <!-- @BeforeMethod before -->
  <testcase classname="TestCases.TestCases" name="@BeforeMethod before" time="0.0">
    <skipped/>
  </testcase> <!-- @BeforeMethod before -->
  <testcase classname="TestCases.TestCases" name="@BeforeMethod before" time="0.0">
    <skipped/>
  </testcase> <!-- @BeforeMethod before -->
  <testcase classname="TestCases.TestCases" name="@BeforeMethod before" time="0.0">
    <skipped/>
  </testcase> <!-- @BeforeMethod before -->
  <testcase classname="TestCases.TestCases" name="@BeforeMethod before" time="0.0">
    <skipped/>
  </testcase> <!-- @BeforeMethod before -->
  <testcase classname="TestCases.TestCases" name="@BeforeMethod before" time="0.0">
    <skipped/>
  </testcase> <!-- @BeforeMethod before -->
  <testcase classname="TestCases.TestCases" name="@BeforeMethod before" time="0.0">
    <skipped/>
  </testcase> <!-- @BeforeMethod before -->
  <testcase classname="TestCases.TestCases" name="@BeforeMethod before" time="0.0">
    <skipped/>
  </testcase> <!-- @BeforeMethod before -->
  <testcase classname="TestCases.TestCases" name="@BeforeMethod before" time="0.0">
    <skipped/>
  </testcase> <!-- @BeforeMethod before -->
  <testcase classname="TestCases.TestCases" name="@BeforeMethod before" time="0.0">
    <skipped/>
  </testcase> <!-- @BeforeMethod before -->
  <testcase classname="TestCases.TestCases" name="@BeforeMethod before" time="0.0">
    <skipped/>
  </testcase> <!-- @BeforeMethod before -->
  <testcase classname="TestCases.TestCases" name="@BeforeMethod before" time="0.0">
    <skipped/>
  </testcase> <!-- @BeforeMethod before -->
  <testcase classname="TestCases.TestCases" name="@BeforeMethod before" time="0.0">
    <skipped/>
  </testcase> <!-- @BeforeMethod before -->
  <testcase classname="TestCases.TestCases" name="@BeforeMethod before" time="0.0">
    <skipped/>
  </testcase> <!-- @BeforeMethod before -->
  <testcase classname="TestCases.TestCases" name="@BeforeMethod before" time="0.0">
    <skipped/>
  </testcase> <!-- @BeforeMethod before -->
  <testcase classname="TestCases.TestCases" name="@BeforeMethod before" time="0.0">
    <skipped/>
  </testcase> <!-- @BeforeMethod before -->
  <testcase classname="TestCases.TestCases" name="@BeforeMethod before" time="0.0">
    <skipped/>
  </testcase> <!-- @BeforeMethod before -->
  <testcase classname="TestCases.TestCases" name="@BeforeMethod before" time="0.0">
    <skipped/>
  </testcase> <!-- @BeforeMethod before -->
  <testcase classname="TestCases.TestCases" name="@BeforeMethod before" time="0.0">
    <skipped/>
  </testcase> <!-- @BeforeMethod before -->
  <testcase classname="TestCases.TestCases" name="@BeforeMethod before" time="0.0">
    <skipped/>
  </testcase> <!-- @BeforeMethod before -->
  <testcase classname="TestCases.TestCases" name="@BeforeMethod before" time="0.0">
    <skipped/>
  </testcase> <!-- @BeforeMethod before -->
  <testcase classname="TestCases.TestCases" name="@BeforeMethod before" time="0.0">
    <skipped/>
  </testcase> <!-- @BeforeMethod before -->
  <testcase classname="TestCases.TestCases" name="@BeforeMethod before" time="0.0">
    <skipped/>
  </testcase> <!-- @BeforeMethod before -->
  <testcase classname="TestCases.TestCases" name="@BeforeMethod before" time="0.0">
    <skipped/>
  </testcase> <!-- @BeforeMethod before -->
  <testcase classname="TestCases.TestCases" name="@BeforeMethod before" time="0.0">
    <skipped/>
  </testcase> <!-- @BeforeMethod before -->
  <testcase classname="TestCases.TestCases" name="@BeforeMethod before" time="0.0">
    <skipped/>
  </testcase> <!-- @BeforeMethod before -->
  <testcase classname="TestCases.TestCases" name="@BeforeMethod before" time="0.0">
    <skipped/>
  </testcase> <!-- @BeforeMethod before -->
  <testcase classname="TestCases.TestCases" name="@BeforeMethod before" time="0.0">
    <skipped/>
  </testcase> <!-- @BeforeMethod before -->
  <testcase classname="TestCases.TestCases" name="@BeforeMethod before" time="0.0">
    <skipped/>
  </testcase> <!-- @BeforeMethod before -->
  <testcase classname="TestCases.TestCases" name="@BeforeMethod before" time="0.0">
    <skipped/>
  </testcase> <!-- @BeforeMethod before -->
  <testcase classname="TestCases.TestCases" name="@BeforeMethod before" time="0.0">
    <skipped/>
  </testcase> <!-- @BeforeMethod before -->
  <testcase classname="TestCases.TestCases" name="@BeforeMethod before" time="0.0">
    <skipped/>
  </testcase> <!-- @BeforeMethod before -->
  <testcase classname="TestCases.TestCases" name="@BeforeMethod before" time="0.0">
    <skipped/>
  </testcase> <!-- @BeforeMethod before -->
  <testcase classname="TestCases.TestCases" name="@BeforeMethod before" time="0.0">
    <skipped/>
  </testcase> <!-- @BeforeMethod before -->
  <testcase classname="TestCases.TestCases" name="@BeforeMethod before" time="0.0">
    <skipped/>
  </testcase> <!-- @BeforeMethod before -->
  <testcase classname="TestCases.TestCases" name="@BeforeMethod before" time="0.0">
    <skipped/>
  </testcase> <!-- @BeforeMethod before -->
  <testcase classname="TestCases.TestCases" name="@BeforeMethod before" time="0.0">
    <skipped/>
  </testcase> <!-- @BeforeMethod before -->
  <testcase classname="TestCases.TestCases" name="@BeforeMethod before" time="0.0">
    <skipped/>
  </testcase> <!-- @BeforeMethod before -->
  <testcase classname="TestCases.TestCases" name="@BeforeMethod before" time="0.0">
    <skipped/>
  </testcase> <!-- @BeforeMethod before -->
  <testcase classname="TestCases.TestCases" name="@BeforeMethod before" time="0.0">
    <skipped/>
  </testcase> <!-- @BeforeMethod before -->
  <testcase classname="TestCases.TestCases" name="@BeforeMethod before" time="0.0">
    <skipped/>
  </testcase> <!-- @BeforeMethod before -->
  <testcase classname="TestCases.TestCases" name="@BeforeMethod before" time="0.0">
    <skipped/>
  </testcase> <!-- @BeforeMethod before -->
  <testcase classname="TestCases.TestCases" name="@BeforeMethod before" time="0.0">
    <skipped/>
  </testcase> <!-- @BeforeMethod before -->
  <testcase classname="TestCases.TestCases" name="@BeforeMethod before" time="0.0">
    <skipped/>
  </testcase> <!-- @BeforeMethod before -->
  <testcase classname="TestCases.TestCases" name="@AfterClass closeSessions" time="0.0">
    <skipped/>
  </testcase> <!-- @AfterClass closeSessions -->
  <testcase classname="TestCases.TestCases" name="TC_OM_001" time="0.03">
    <skipped/>
  </testcase> <!-- TC_OM_001 -->
  <testcase classname="TestCases.TestCases" name="TC_OM_002" time="0.003">
    <skipped/>
  </testcase> <!-- TC_OM_002 -->
  <testcase classname="TestCases.TestCases" name="TC_OM_003" time="0.005">
    <skipped/>
  </testcase> <!-- TC_OM_003 -->
  <testcase classname="TestCases.TestCases" name="TC_OM_004" time="0.027">
    <skipped/>
  </testcase> <!-- TC_OM_004 -->
  <testcase classname="TestCases.TestCases" name="TC_OM_005" time="0.004">
    <skipped/>
  </testcase> <!-- TC_OM_005 -->
  <testcase classname="TestCases.TestCases" name="TC_OM_006" time="0.007">
    <skipped/>
  </testcase> <!-- TC_OM_006 -->
  <testcase classname="TestCases.TestCases" name="TC_OM_009" time="0.001">
    <skipped/>
  </testcase> <!-- TC_OM_009 -->
  <testcase classname="TestCases.TestCases" name="TC_OM_010" time="0.01">
    <skipped/>
  </testcase> <!-- TC_OM_010 -->
  <testcase classname="TestCases.TestCases" name="TC_OM_011" time="0.003">
    <skipped/>
  </testcase> <!-- TC_OM_011 -->
  <testcase classname="TestCases.TestCases" name="TC_OM_013" time="0.002">
    <skipped/>
  </testcase> <!-- TC_OM_013 -->
  <testcase classname="TestCases.TestCases" name="TC_OM_014" time="0.003">
    <skipped/>
  </testcase> <!-- TC_OM_014 -->
  <testcase classname="TestCases.TestCases" name="TC_OM_015" time="0.011">
    <skipped/>
  </testcase> <!-- TC_OM_015 -->
  <testcase classname="TestCases.TestCases" name="TC_OM_016" time="0.004">
    <skipped/>
  </testcase> <!-- TC_OM_016 -->
  <testcase classname="TestCases.TestCases" name="TC_OM_019" time="0.001">
    <skipped/>
  </testcase> <!-- TC_OM_019 -->
  <testcase classname="TestCases.TestCases" name="TC_OM_020" time="0.005">
    <skipped/>
  </testcase> <!-- TC_OM_020 -->
  <testcase classname="TestCases.TestCases" name="TC_OM_033" time="0.005">
    <skipped/>
  </testcase> <!-- TC_OM_033 -->
  <testcase classname="TestCases.TestCases" name="TC_OM_034" time="0.003">
    <skipped/>
  </testcase> <!-- TC_OM_034 -->
  <testcase classname="TestCases.TestCases" name="TC_OM_035" time="0.005">
    <skipped/>
  </testcase> <!-- TC_OM_035 -->
  <testcase classname="TestCases.TestCases" name="TC_OM_036" time="0.006">
    <skipped/>
  </testcase> <!-- TC_OM_036 -->
  <testcase classname="TestCases.TestCases" name="TC_OM_037" time="0.002">
    <skipped/>
  </testcase> <!-- TC_OM_037 -->
  <testcase classname="TestCases.TestCases" name="TC_OM_038" time="0.003">
    <skipped/>
  </testcase> <!-- TC_OM_038 -->
  <testcase classname="TestCases.TestCases" name="TC_OM_039" time="0.006">
    <skipped/>
  </testcase> <!-- TC_OM_039 -->
  <testcase classname="TestCases.TestCases" name="TC_OM_040" time="0.004">
    <skipped/>
  </testcase> <!-- TC_OM_040 -->
  <testcase classname="TestCases.TestCases" name="TC_OM_041" time="0.001">
    <skipped/>
  </testcase> <!-- TC_OM_041 -->
  <testcase classname="TestCases.TestCases" name="TC_OM_042" time="0.009">
    <skipped/>
  </testcase> <!-- TC_OM_042 -->
  <testcase classname="TestCases.TestCases" name="TC_OM_043" time="0.003">
    <skipped/>
  </testcase> <!-- TC_OM_043 -->
  <testcase classname="TestCases.TestCases" name="TC_OM_044" time="0.01">
    <skipped/>
  </testcase> <!-- TC_OM_044 -->
  <testcase classname="TestCases.TestCases" name="TC_OM_045" time="0.002">
    <skipped/>
  </testcase> <!-- TC_OM_045 -->
  <testcase classname="TestCases.TestCases" name="TC_OM_050" time="0.001">
    <skipped/>
  </testcase> <!-- TC_OM_050 -->
  <testcase classname="TestCases.TestCases" name="TC_OM_053" time="0.003">
    <skipped/>
  </testcase> <!-- TC_OM_053 -->
  <testcase classname="TestCases.TestCases" name="TC_OM_054" time="0.007">
    <skipped/>
  </testcase> <!-- TC_OM_054 -->
  <testcase classname="TestCases.TestCases" name="TC_OM_055" time="0.001">
    <skipped/>
  </testcase> <!-- TC_OM_055 -->
  <testcase classname="TestCases.TestCases" name="TC_OM_056" time="0.003">
    <skipped/>
  </testcase> <!-- TC_OM_056 -->
  <testcase classname="TestCases.TestCases" name="TC_OM_058" time="0.003">
    <skipped/>
  </testcase> <!-- TC_OM_058 -->
  <testcase classname="TestCases.TestCases" name="TC_OM_059" time="0.002">
    <skipped/>
  </testcase> <!-- TC_OM_059 -->
  <testcase classname="TestCases.TestCases" name="TC_OM_060" time="0.002">
    <skipped/>
  </testcase> <!-- TC_OM_060 -->
  <testcase classname="TestCases.TestCases" name="TC_OM_061" time="0.004">
    <skipped/>
  </testcase> <!-- TC_OM_061 -->
  <testcase classname="TestCases.TestCases" name="TC_OM_063" time="0.005">
    <skipped/>
  </testcase> <!-- TC_OM_063 -->
  <testcase classname="TestCases.TestCases" name="TC_OM_064" time="0.004">
    <skipped/>
  </testcase> <!-- TC_OM_064 -->
  <testcase classname="TestCases.TestCases" name="TC_OM_065" time="0.007">
    <skipped/>
  </testcase> <!-- TC_OM_065 -->
  <testcase classname="TestCases.TestCases" name="TC_OM_066" time="0.002">
    <skipped/>
  </testcase> <!-- TC_OM_066 -->
  <testcase classname="TestCases.TestCases" name="TC_OM_067" time="0.001">
    <skipped/>
  </testcase> <!-- TC_OM_067 -->
  <testcase classname="TestCases.TestCases" name="TC_OM_068" time="0.002">
    <skipped/>
  </testcase> <!-- TC_OM_068 -->
  <testcase classname="TestCases.TestCases" name="TC_OM_069" time="0.003">
    <skipped/>
  </testcase> <!-- TC_OM_069 -->
  <testcase classname="TestCases.TestCases" name="TC_OM_070" time="0.0">
    <skipped/>
  </testcase> <!-- TC_OM_070 -->
  <testcase classname="TestCases.TestCases" name="TC_OM_071" time="0.002">
    <skipped/>
  </testcase> <!-- TC_OM_071 -->
  <testcase classname="TestCases.TestCases" name="TC_OM_072" time="0.001">
    <skipped/>
  </testcase> <!-- TC_OM_072 -->
  <testcase classname="TestCases.TestCases" name="TC_OM_073" time="0.005">
    <skipped/>
  </testcase> <!-- TC_OM_073 -->
  <testcase classname="TestCases.TestCases" name="TC_OM_074" time="0.001">
    <skipped/>
  </testcase> <!-- TC_OM_074 -->
  <testcase classname="TestCases.TestCases" name="TC_OM_075" time="0.004">
    <skipped/>
  </testcase> <!-- TC_OM_075 -->
  <testcase classname="TestCases.TestCases" name="TC_OM_076" time="0.001">
    <skipped/>
  </testcase> <!-- TC_OM_076 -->
  <testcase classname="TestCases.TestCases" name="TC_OM_077" time="0.009">
    <skipped/>
  </testcase> <!-- TC_OM_077 -->
  <testcase classname="TestCases.TestCases" name="TC_OM_078" time="0.007">
    <skipped/>
  </testcase> <!-- TC_OM_078 -->
  <testcase classname="TestCases.TestCases" name="TC_OM_079" time="0.006">
    <skipped/>
  </testcase> <!-- TC_OM_079 -->
  <testcase classname="TestCases.TestCases" name="TC_OM_084" time="0.004">
    <skipped/>
  </testcase> <!-- TC_OM_084 -->
  <testcase classname="TestCases.TestCases" name="TC_OM_086" time="0.001">
    <skipped/>
  </testcase> <!-- TC_OM_086 -->
  <testcase classname="TestCases.TestCases" name="TC_OM_087" time="0.003">
    <skipped/>
  </testcase> <!-- TC_OM_087 -->
  <testcase classname="TestCases.TestCases" name="TC_OM_088" time="0.001">
    <skipped/>
  </testcase> <!-- TC_OM_088 -->
  <testcase classname="TestCases.TestCases" name="TC_OM_089" time="0.001">
    <skipped/>
  </testcase> <!-- TC_OM_089 -->
  <testcase classname="TestCases.TestCases" name="TC_OM_090" time="0.001">
    <skipped/>
  </testcase> <!-- TC_OM_090 -->
  <testcase classname="TestCases.TestCases" name="TC_OM_091" time="0.002">
    <skipped/>
  </testcase> <!-- TC_OM_091 -->
  <testcase classname="TestCases.TestCases" name="TC_OM_092" time="0.002">
    <skipped/>
  </testcase> <!-- TC_OM_092 -->
  <testcase classname="TestCases.TestCases" name="TC_OM_093" time="0.001">
    <skipped/>
  </testcase> <!-- TC_OM_093 -->
  <testcase classname="TestCases.TestCases" name="TC_OM_094" time="0.002">
    <skipped/>
  </testcase> <!-- TC_OM_094 -->
  <testcase classname="TestCases.TestCases" name="TC_OM_095" time="0.002">
    <skipped/>
  </testcase> <!-- TC_OM_095 -->
  <testcase classname="TestCases.TestCases" name="TC_OM_096" time="0.005">
    <skipped/>
  </testcase> <!-- TC_OM_096 -->
  <testcase classname="TestCases.TestCases" name="TC_OM_097" time="0.0">
    <skipped/>
  </testcase> <!-- TC_OM_097 -->
  <testcase classname="TestCases.TestCases" name="TC_OM_098" time="0.005">
    <skipped/>
  </testcase> <!-- TC_OM_098 -->
  <testcase classname="TestCases.TestCases" name="TC_OM_099" time="0.002">
    <skipped/>
  </testcase> <!-- TC_OM_099 -->
  <testcase classname="TestCases.TestCases" name="TC_OM_100" time="0.004">
    <skipped/>
  </testcase> <!-- TC_OM_100 -->
  <testcase classname="TestCases.TestCases" name="TC_OM_108" time="0.002">
    <skipped/>
  </testcase> <!-- TC_OM_108 -->
  <testcase classname="TestCases.TestCases" name="TC_OM_109" time="0.0">
    <skipped/>
  </testcase> <!-- TC_OM_109 -->
  <testcase classname="TestCases.TestCases" name="TC_OM_110" time="0.001">
    <skipped/>
  </testcase> <!-- TC_OM_110 -->
  <testcase classname="TestCases.TestCases" name="TC_OM_111" time="0.001">
    <skipped/>
  </testcase> <!-- TC_OM_111 -->
  <testcase classname="TestCases.TestCases" name="TC_OM_112" time="0.001">
    <skipped/>
  </testcase> <!-- TC_OM_112 -->
  <testcase classname="TestCases.TestCases" name="TC_OM_113" time="0.001">
    <skipped/>
  </testcase> <!-- TC_OM_113 -->
  <testcase classname="TestCases.TestCases" name="TC_OM_134" time="0.002">
    <skipped/>
  </testcase> <!-- TC_OM_134 -->
  <testcase classname="TestCases.TestCases" name="TC_OM_135" time="0.001">
    <skipped/>
  </testcase> <!-- TC_OM_135 -->
  <testcase classname="TestCases.TestCases" name="TC_OM_136" time="0.0">
    <skipped/>
  </testcase> <!-- TC_OM_136 -->
  <testcase classname="TestCases.TestCases" name="TC_OM_156" time="0.001">
    <skipped/>
  </testcase> <!-- TC_OM_156 -->
  <testcase classname="TestCases.TestCases" name="TC_OM_157" time="0.001">
    <skipped/>
  </testcase> <!-- TC_OM_157 -->
  <testcase classname="TestCases.TestCases" name="TC_OM_158" time="0.0">
    <skipped/>
  </testcase> <!-- TC_OM_158 -->
  <testcase classname="TestCases.TestCases" name="TC_OM_159" time="0.001">
    <skipped/>
  </testcase> <!-- TC_OM_159 -->
  <testcase classname="TestCases.TestCases" name="TC_OM_160" time="0.001">
    <skipped/>
  </testcase> <!-- TC_OM_160 -->
  <testcase classname="TestCases.TestCases" name="TC_OM_161" time="0.001">
    <skipped/>
  </testcase> <!-- TC_OM_161 -->
  <testcase classname="TestCases.TestCases" name="TC_OM_162" time="0.001">
    <skipped/>
  </testcase> <!-- TC_OM_162 -->
  <testcase classname="TestCases.TestCases" name="TC_OM_163" time="0.001">
    <skipped/>
  </testcase> <!-- TC_OM_163 -->
  <testcase classname="TestCases.TestCases" name="TC_OM_164" time="0.001">
    <skipped/>
  </testcase> <!-- TC_OM_164 -->
  <testcase classname="TestCases.TestCases" name="TC_OM_165" time="0.001">
    <skipped/>
  </testcase> <!-- TC_OM_165 -->
  <testcase classname="TestCases.TestCases" name="TC_OM_166" time="0.001">
    <skipped/>
  </testcase> <!-- TC_OM_166 -->
  <testcase classname="TestCases.TestCases" name="TC_OM_167" time="0.104">
    <skipped/>
  </testcase> <!-- TC_OM_167 -->
  <testcase classname="TestCases.TestCases" name="TC_OM_168" time="0.002">
    <skipped/>
  </testcase> <!-- TC_OM_168 -->
  <testcase classname="TestCases.TestCases" name="TC_OM_169" time="0.001">
    <skipped/>
  </testcase> <!-- TC_OM_169 -->
  <testcase classname="TestCases.TestCases" name="TC_OM_170" time="0.064">
    <skipped/>
  </testcase> <!-- TC_OM_170 -->
  <testcase classname="TestCases.TestCases" name="TC_OM_171" time="0.001">
    <skipped/>
  </testcase> <!-- TC_OM_171 -->
  <testcase classname="TestCases.TestCases" name="TC_OM_172" time="0.002">
    <skipped/>
  </testcase> <!-- TC_OM_172 -->
  <testcase classname="TestCases.TestCases" name="TC_OM_173" time="0.001">
    <skipped/>
  </testcase> <!-- TC_OM_173 -->
  <testcase classname="TestCases.TestCases" name="TC_OM_174" time="0.001">
    <skipped/>
  </testcase> <!-- TC_OM_174 -->
  <testcase classname="TestCases.TestCases" name="TC_OM_175" time="0.001">
    <skipped/>
  </testcase> <!-- TC_OM_175 -->
  <testcase classname="TestCases.TestCases" name="TC_OM_176" time="0.002">
    <skipped/>
  </testcase> <!-- TC_OM_176 -->
  <testcase classname="TestCases.TestCases" name="TC_OM_177" time="0.001">
    <skipped/>
  </testcase> <!-- TC_OM_177 -->
  <testcase classname="TestCases.TestCases" name="TC_OM_179" time="0.001">
    <skipped/>
  </testcase> <!-- TC_OM_179 -->
  <testcase classname="TestCases.TestCases" name="TC_OM_180" time="0.0">
    <skipped/>
  </testcase> <!-- TC_OM_180 -->
  <testcase classname="TestCases.TestCases" name="TC_OM_181" time="0.001">
    <skipped/>
  </testcase> <!-- TC_OM_181 -->
  <testcase classname="TestCases.TestCases" name="TC_OM_182" time="0.004">
    <skipped/>
  </testcase> <!-- TC_OM_182 -->
  <testcase classname="TestCases.TestCases" name="TC_OM_183" time="0.001">
    <skipped/>
  </testcase> <!-- TC_OM_183 -->
  <testcase classname="TestCases.TestCases" name="TC_OM_184" time="0.004">
    <skipped/>
  </testcase> <!-- TC_OM_184 -->
  <testcase classname="TestCases.TestCases" name="TC_OM_185" time="0.002">
    <skipped/>
  </testcase> <!-- TC_OM_185 -->
  <testcase classname="TestCases.TestCases" name="TC_OM_186" time="0.001">
    <skipped/>
  </testcase> <!-- TC_OM_186 -->
  <testcase classname="TestCases.TestCases" name="TC_OM_187" time="0.0">
    <skipped/>
  </testcase> <!-- TC_OM_187 -->
  <testcase classname="TestCases.TestCases" name="TC_OM_188" time="0.001">
    <skipped/>
  </testcase> <!-- TC_OM_188 -->
  <testcase classname="TestCases.TestCases" name="TC_OM_189" time="0.001">
    <skipped/>
  </testcase> <!-- TC_OM_189 -->
  <testcase classname="TestCases.TestCases" name="TC_OM_190" time="0.005">
    <skipped/>
  </testcase> <!-- TC_OM_190 -->
  <testcase classname="TestCases.TestCases" name="TC_OM_191" time="0.001">
    <skipped/>
  </testcase> <!-- TC_OM_191 -->
  <testcase classname="TestCases.TestCases" name="TC_OM_192" time="0.001">
    <skipped/>
  </testcase> <!-- TC_OM_192 -->
  <testcase classname="TestCases.TestCases" name="TC_OM_193" time="0.001">
    <skipped/>
  </testcase> <!-- TC_OM_193 -->
  <testcase classname="TestCases.TestCases" name="TC_OM_194" time="0.0">
    <skipped/>
  </testcase> <!-- TC_OM_194 -->
  <testcase classname="TestCases.TestCases" name="TC_OM_195" time="0.001">
    <skipped/>
  </testcase> <!-- TC_OM_195 -->
  <testcase classname="TestCases.TestCases" name="TC_OM_196" time="0.001">
    <skipped/>
  </testcase> <!-- TC_OM_196 -->
  <testcase classname="TestCases.TestCases" name="TC_OM_197" time="0.0">
    <skipped/>
  </testcase> <!-- TC_OM_197 -->
  <testcase classname="TestCases.TestCases" name="TC_OM_198" time="0.0">
    <skipped/>
  </testcase> <!-- TC_OM_198 -->
  <testcase classname="TestCases.TestCases" name="TC_OM_199" time="0.001">
    <skipped/>
  </testcase> <!-- TC_OM_199 -->
  <testcase classname="TestCases.TestCases" name="TC_OM_200" time="0.001">
    <skipped/>
  </testcase> <!-- TC_OM_200 -->
  <testcase classname="TestCases.TestCases" name="TC_OM_201" time="0.001">
    <skipped/>
  </testcase> <!-- TC_OM_201 -->
  <testcase classname="TestCases.TestCases" name="TC_OM_202" time="0.002">
    <skipped/>
  </testcase> <!-- TC_OM_202 -->
  <testcase classname="TestCases.TestCases" name="TC_OM_203" time="0.002">
    <skipped/>
  </testcase> <!-- TC_OM_203 -->
  <testcase classname="TestCases.TestCases" name="TC_OM_204" time="0.001">
    <skipped/>
  </testcase> <!-- TC_OM_204 -->
  <testcase classname="TestCases.TestCases" name="TC_OM_205" time="0.007">
    <skipped/>
  </testcase> <!-- TC_OM_205 -->
  <testcase classname="TestCases.TestCases" name="TC_OM_206" time="0.002">
    <skipped/>
  </testcase> <!-- TC_OM_206 -->
  <testcase classname="TestCases.TestCases" name="TC_OM_207" time="0.001">
    <skipped/>
  </testcase> <!-- TC_OM_207 -->
  <testcase classname="TestCases.TestCases" name="TC_OM_209" time="0.002">
    <skipped/>
  </testcase> <!-- TC_OM_209 -->
  <testcase classname="TestCases.TestCases" name="TC_OM_210" time="0.0">
    <skipped/>
  </testcase> <!-- TC_OM_210 -->
  <testcase classname="TestCases.TestCases" name="TC_OM_211" time="0.001">
    <skipped/>
  </testcase> <!-- TC_OM_211 -->
  <testcase classname="TestCases.TestCases" name="TC_OM_212" time="0.001">
    <skipped/>
  </testcase> <!-- TC_OM_212 -->
  <testcase classname="TestCases.TestCases" name="TC_OM_213" time="0.0">
    <skipped/>
  </testcase> <!-- TC_OM_213 -->
  <testcase classname="TestCases.TestCases" name="TC_OM_214" time="0.001">
    <skipped/>
  </testcase> <!-- TC_OM_214 -->
  <testcase classname="TestCases.TestCases" name="TC_OM_215" time="0.0">
    <skipped/>
  </testcase> <!-- TC_OM_215 -->
  <testcase classname="TestCases.TestCases" name="TC_OM_216" time="0.001">
    <skipped/>
  </testcase> <!-- TC_OM_216 -->
  <testcase classname="TestCases.TestCases" name="TC_OM_217" time="0.001">
    <skipped/>
  </testcase> <!-- TC_OM_217 -->
  <testcase classname="TestCases.TestCases" name="TC_OM_218" time="0.009">
    <skipped/>
  </testcase> <!-- TC_OM_218 -->
  <testcase classname="TestCases.TestCases" name="TC_OM_219" time="0.001">
    <skipped/>
  </testcase> <!-- TC_OM_219 -->
  <testcase classname="TestCases.TestCases" name="TC_OM_220" time="0.001">
    <skipped/>
  </testcase> <!-- TC_OM_220 -->
  <testcase classname="TestCases.TestCases" name="TC_OM_225" time="0.005">
    <skipped/>
  </testcase> <!-- TC_OM_225 -->
  <testcase classname="TestCases.TestCases" name="TC_OM_226" time="0.002">
    <skipped/>
  </testcase> <!-- TC_OM_226 -->
  <testcase classname="TestCases.TestCases" name="TC_OM_227" time="0.001">
    <skipped/>
  </testcase> <!-- TC_OM_227 -->
  <testcase classname="TestCases.TestCases" name="TC_OM_228" time="0.001">
    <skipped/>
  </testcase> <!-- TC_OM_228 -->
  <testcase classname="TestCases.TestCases" name="TC_OM_229" time="0.009">
    <skipped/>
  </testcase> <!-- TC_OM_229 -->
[...]
    <skipped/>
  </testcase> <!-- TC_PS2_005 -->
  <testcase classname="TestCases.TestCases" name="TC_PS2_006" time="0.006">
    <skipped/>
  </testcase> <!-- TC_PS2_006 -->
  <testcase classname="TestCases.TestCases" name="TC_PS2_007" time="0.001">
    <skipped/>
  </testcase> <!-- TC_PS2_007 -->
  <testcase classname="TestCases.TestCases" name="TC_PS2_008" time="0.0">
    <skipped/>
  </testcase> <!-- TC_PS2_008 -->
  <testcase classname="TestCases.TestCases" name="TC_PS2_009" time="0.001">
    <skipped/>
  </testcase> <!-- TC_PS2_009 -->
  <testcase classname="TestCases.TestCases" name="TC_PS2_010" time="0.001">
    <skipped/>
  </testcase> <!-- TC_PS2_010 -->
  <testcase classname="TestCases.TestCases" name="TC_PS2_011" time="0.0">
    <skipped/>
  </testcase> <!-- TC_PS2_011 -->
  <testcase classname="TestCases.TestCases" name="TC_PS2_012" time="0.001">
    <skipped/>
  </testcase> <!-- TC_PS2_012 -->
  <testcase classname="TestCases.TestCases" name="TC_PS2_013" time="0.001">
    <skipped/>
  </testcase> <!-- TC_PS2_013 -->
  <testcase classname="TestCases.TestCases" name="TC_PS2_014" time="0.001">
    <skipped/>
  </testcase> <!-- TC_PS2_014 -->
  <testcase classname="TestCases.TestCases" name="TC_PS2_015" time="0.001">
    <skipped/>
  </testcase> <!-- TC_PS2_015 -->
  <testcase classname="TestCases.TestCases" name="TC_PS2_016" time="0.001">
    <skipped/>
  </testcase> <!-- TC_PS2_016 -->
  <testcase classname="TestCases.TestCases" name="TC_PS2_017" time="0.001">
    <skipped/>
  </testcase> <!-- TC_PS2_017 -->
  <testcase classname="TestCases.TestCases" name="TC_PS2_018" time="0.002">
    <skipped/>
  </testcase> <!-- TC_PS2_018 -->
  <testcase classname="TestCases.TestCases" name="TC_PS2_019" time="0.001">
    <skipped/>
  </testcase> <!-- TC_PS2_019 -->
  <testcase classname="TestCases.TestCases" name="TC_PS2_020" time="0.014">
    <skipped/>
  </testcase> <!-- TC_PS2_020 -->
  <testcase classname="TestCases.TestCases" name="TC_PS2_021" time="0.001">
    <skipped/>
  </testcase> <!-- TC_PS2_021 -->
  <testcase classname="TestCases.TestCases" name="TC_PS2_022" time="0.001">
    <skipped/>
  </testcase> <!-- TC_PS2_022 -->
  <testcase classname="TestCases.TestCases" name="TC_PS2_023" time="0.0">
    <skipped/>
  </testcase> <!-- TC_PS2_023 -->
  <testcase classname="TestCases.TestCases" name="TC_PS2_024" time="0.0">
    <skipped/>
  </testcase> <!-- TC_PS2_024 -->
  <testcase classname="TestCases.TestCases" name="TC_PS2_025" time="0.001">
    <skipped/>
  </testcase> <!-- TC_PS2_025 -->
  <testcase classname="TestCases.TestCases" name="TC_PS2_026" time="0.001">
    <skipped/>
  </testcase> <!-- TC_PS2_026 -->
  <testcase classname="TestCases.TestCases" name="TC_PS2_027" time="0.001">
    <skipped/>
  </testcase> <!-- TC_PS2_027 -->
  <testcase classname="TestCases.TestCases" name="TC_PS2_028" time="0.0">
    <skipped/>
  </testcase> <!-- TC_PS2_028 -->
  <testcase classname="TestCases.TestCases" name="TC_PS2_029" time="0.0">
    <skipped/>
  </testcase> <!-- TC_PS2_029 -->
  <testcase classname="TestCases.TestCases" name="TC_PS2_030" time="0.0">
    <skipped/>
  </testcase> <!-- TC_PS2_030 -->
  <testcase classname="TestCases.TestCases" name="TC_PS2_031" time="0.0">
    <skipped/>
  </testcase> <!-- TC_PS2_031 -->
  <testcase classname="TestCases.TestCases" name="TC_PS2_032" time="0.001">
    <skipped/>
  </testcase> <!-- TC_PS2_032 -->
  <testcase classname="TestCases.TestCases" name="TC_PS2_033" time="0.008">
    <skipped/>
  </testcase> <!-- TC_PS2_033 -->
  <testcase classname="TestCases.TestCases" name="TC_PS2_034" time="0.001">
    <skipped/>
  </testcase> <!-- TC_PS2_034 -->
  <testcase classname="TestCases.TestCases" name="TC_PS2_035" time="0.0">
    <skipped/>
  </testcase> <!-- TC_PS2_035 -->
  <testcase classname="TestCases.TestCases" name="TC_PS2_036" time="0.001">
    <skipped/>
  </testcase> <!-- TC_PS2_036 -->
  <testcase classname="TestCases.TestCases" name="TC_PS2_037" time="0.001">
    <skipped/>
  </testcase> <!-- TC_PS2_037 -->
  <testcase classname="TestCases.TestCases" name="TC_PS2_038" time="0.003">
    <skipped/>
  </testcase> <!-- TC_PS2_038 -->
  <testcase classname="TestCases.TestCases" name="TC_PS2_039" time="0.001">
    <skipped/>
  </testcase> <!-- TC_PS2_039 -->
  <testcase classname="TestCases.TestCases" name="TC_PS2_040" time="0.0">
    <skipped/>
  </testcase> <!-- TC_PS2_040 -->
  <testcase classname="TestCases.TestCases" name="TC_PS2_041" time="0.001">
    <skipped/>
  </testcase> <!-- TC_PS2_041 -->
  <testcase classname="TestCases.TestCases" name="TC_PS2_042" time="0.005">
    <skipped/>
  </testcase> <!-- TC_PS2_042 -->
  <testcase classname="TestCases.TestCases" name="TC_PS2_043" time="0.001">
    <skipped/>
  </testcase> <!-- TC_PS2_043 -->
  <testcase classname="TestCases.TestCases" name="TC_PS2_045" time="0.001">
    <skipped/>
  </testcase> <!-- TC_PS2_045 -->
  <testcase classname="TestCases.TestCases" name="TC_PS2_046" time="0.0">
    <skipped/>
  </testcase> <!-- TC_PS2_046 -->
  <testcase classname="TestCases.TestCases" name="TC_PS2_047" time="0.001">
    <skipped/>
  </testcase> <!-- TC_PS2_047 -->
  <testcase classname="TestCases.TestCases" name="TC_PS2_048" time="0.001">
    <skipped/>
  </testcase> <!-- TC_PS2_048 -->
  <testcase classname="TestCases.TestCases" name="TC_PS2_049" time="0.002">
    <skipped/>
  </testcase> <!-- TC_PS2_049 -->
  <testcase classname="TestCases.TestCases" name="TC_PS2_050" time="0.0">
    <skipped/>
  </testcase> <!-- TC_PS2_050 -->
  <testcase classname="TestCases.TestCases" name="TC_PS2_051" time="0.001">
    <skipped/>
  </testcase> <!-- TC_PS2_051 -->
  <testcase classname="TestCases.TestCases" name="TC_PS2_052" time="0.001">
    <skipped/>
  </testcase> <!-- TC_PS2_052 -->
  <testcase classname="TestCases.TestCases" name="TC_PS2_053" time="0.001">
    <skipped/>
  </testcase> <!-- TC_PS2_053 -->
  <testcase classname="TestCases.TestCases" name="TC_PS2_054" time="0.002">
    <skipped/>
  </testcase> <!-- TC_PS2_054 -->
  <testcase classname="TestCases.TestCases" name="TC_PS2_055" time="0.001">
    <skipped/>
  </testcase> <!-- TC_PS2_055 -->
  <testcase classname="TestCases.TestCases" name="TC_PS2_056" time="0.013">
    <skipped/>
  </testcase> <!-- TC_PS2_056 -->
  <testcase classname="TestCases.TestCases" name="TC_PS2_057" time="0.001">
    <skipped/>
  </testcase> <!-- TC_PS2_057 -->
  <testcase classname="TestCases.TestCases" name="TC_PS2_058" time="0.001">
    <skipped/>
  </testcase> <!-- TC_PS2_058 -->
  <testcase classname="TestCases.TestCases" name="TC_PS2_059" time="0.005">
    <skipped/>
  </testcase> <!-- TC_PS2_059 -->
  <testcase classname="TestCases.TestCases" name="TC_PS2_060" time="0.0">
    <skipped/>
  </testcase> <!-- TC_PS2_060 -->
  <testcase classname="TestCases.TestCases" name="TC_PS2_061" time="0.001">
    <skipped/>
  </testcase> <!-- TC_PS2_061 -->
  <testcase classname="TestCases.TestCases" name="TC_PS2_062" time="0.0">
    <skipped/>
  </testcase> <!-- TC_PS2_062 -->
  <testcase classname="TestCases.TestCases" name="TC_PS2_063" time="0.002">
    <skipped/>
  </testcase> <!-- TC_PS2_063 -->
  <testcase classname="TestCases.TestCases" name="TC_PS2_064" time="0.001">
    <skipped/>
  </testcase> <!-- TC_PS2_064 -->
  <testcase classname="TestCases.TestCases" name="TC_PS2_065" time="0.001">
    <skipped/>
  </testcase> <!-- TC_PS2_065 -->
  <testcase classname="TestCases.TestCases" name="TC_PS2_066" time="0.001">
    <skipped/>
  </testcase> <!-- TC_PS2_066 -->
  <testcase classname="TestCases.TestCases" name="TC_PS2_067" time="0.0">
    <skipped/>
  </testcase> <!-- TC_PS2_067 -->
  <testcase classname="TestCases.TestCases" name="TC_PS2_068" time="0.0">
    <skipped/>
  </testcase> <!-- TC_PS2_068 -->
  <testcase classname="TestCases.TestCases" name="TC_PS2_069" time="0.0">
    <skipped/>
  </testcase> <!-- TC_PS2_069 -->
  <testcase classname="TestCases.TestCases" name="TC_PS2_070" time="0.0">
    <skipped/>
  </testcase> <!-- TC_PS2_070 -->
  <testcase classname="TestCases.TestCases" name="TC_PS2_071" time="0.001">
    <skipped/>
  </testcase> <!-- TC_PS2_071 -->
  <testcase classname="TestCases.TestCases" name="TC_PS2_072" time="0.001">
    <skipped/>
  </testcase> <!-- TC_PS2_072 -->
  <testcase classname="TestCases.TestCases" name="TC_PS2_074" time="0.001">
    <skipped/>
  </testcase> <!-- TC_PS2_074 -->
  <testcase classname="TestCases.TestCases" name="TC_PS2_075" time="0.003">
    <skipped/>
  </testcase> <!-- TC_PS2_075 -->
  <testcase classname="TestCases.TestCases" name="TC_PS2_076" time="0.001">
    <skipped/>
  </testcase> <!-- TC_PS2_076 -->
  <testcase classname="TestCases.TestCases" name="TC_PS2_077" time="0.0">
    <skipped/>
  </testcase> <!-- TC_PS2_077 -->
  <testcase classname="TestCases.TestCases" name="TC_PS2_078" time="0.001">
    <skipped/>
  </testcase> <!-- TC_PS2_078 -->
  <testcase classname="TestCases.TestCases" name="TC_PS2_079" time="0.001">
    <skipped/>
  </testcase> <!-- TC_PS2_079 -->
  <testcase classname="TestCases.TestCases" name="TC_PS2_080" time="0.001">
    <skipped/>
  </testcase> <!-- TC_PS2_080 -->
  <testcase classname="TestCases.TestCases" name="TC_PS2_081" time="0.001">
    <skipped/>
  </testcase> <!-- TC_PS2_081 -->
  <testcase classname="TestCases.TestCases" name="TC_PS2_082" time="0.0">
    <skipped/>
  </testcase> <!-- TC_PS2_082 -->
  <testcase classname="TestCases.TestCases" name="TC_PS2_083" time="0.0">
    <skipped/>
  </testcase> <!-- TC_PS2_083 -->
  <testcase classname="TestCases.TestCases" name="TC_PS2_084" time="0.001">
    <skipped/>
  </testcase> <!-- TC_PS2_084 -->
  <testcase classname="TestCases.TestCases" name="TC_PS2_085" time="0.0">
    <skipped/>
  </testcase> <!-- TC_PS2_085 -->
  <testcase classname="TestCases.TestCases" name="TC_PS2_086" time="0.0">
    <skipped/>
  </testcase> <!-- TC_PS2_086 -->
  <testcase classname="TestCases.TestCases" name="TC_PS2_087" time="0.0">
    <skipped/>
  </testcase> <!-- TC_PS2_087 -->
  <testcase classname="TestCases.TestCases" name="TC_PS2_088" time="0.001">
    <skipped/>
  </testcase> <!-- TC_PS2_088 -->
  <testcase classname="TestCases.TestCases" name="TC_PS2_089" time="0.0">
    <skipped/>
  </testcase> <!-- TC_PS2_089 -->
  <testcase classname="TestCases.TestCases" name="TC_PS2_090" time="0.0">
    <skipped/>
  </testcase> <!-- TC_PS2_090 -->
  <testcase classname="TestCases.TestCases" name="TC_PS2_091" time="0.001">
    <skipped/>
  </testcase> <!-- TC_PS2_091 -->
  <testcase classname="TestCases.TestCases" name="TC_PS2_092" time="0.001">
    <skipped/>
  </testcase> <!-- TC_PS2_092 -->
  <testcase classname="TestCases.TestCases" name="TC_PS2_093" time="0.001">
    <skipped/>
  </testcase> <!-- TC_PS2_093 -->
  <testcase classname="TestCases.TestCases" name="TC_PS2_094" time="0.001">
    <skipped/>
  </testcase> <!-- TC_PS2_094 -->
  <testcase classname="TestCases.TestCases" name="TC_PS2_095" time="0.0">
    <skipped/>
  </testcase> <!-- TC_PS2_095 -->
  <testcase classname="TestCases.TestCases" name="TC_PS2_096" time="0.0">
    <skipped/>
  </testcase> <!-- TC_PS2_096 -->
  <testcase classname="TestCases.TestCases" name="TC_PS2_097" time="0.001">
    <skipped/>
  </testcase> <!-- TC_PS2_097 -->
  <testcase classname="TestCases.TestCases" name="TC_PS2_098" time="0.001">
    <skipped/>
  </testcase> <!-- TC_PS2_098 -->
  <testcase classname="TestCases.TestCases" name="TC_PS2_099" time="0.0">
    <skipped/>
  </testcase> <!-- TC_PS2_099 -->
  <testcase classname="TestCases.TestCases" name="TC_PS2_100" time="0.0">
    <skipped/>
  </testcase> <!-- TC_PS2_100 -->
  <testcase classname="TestCases.TestCases" name="TC_PS2_101" time="0.001">
    <skipped/>
  </testcase> <!-- TC_PS2_101 -->
  <testcase classname="TestCases.TestCases" name="TC_PS2_102" time="0.001">
    <skipped/>
  </testcase> <!-- TC_PS2_102 -->
  <testcase classname="TestCases.TestCases" name="TC_PS2_103" time="0.001">
    <skipped/>
  </testcase> <!-- TC_PS2_103 -->
  <testcase classname="TestCases.TestCases" name="TC_PS2_104" time="0.001">
    <skipped/>
  </testcase> <!-- TC_PS2_104 -->
  <testcase classname="TestCases.TestCases" name="TC_PS2_105" time="0.003">
    <skipped/>
  </testcase> <!-- TC_PS2_105 -->
  <testcase classname="TestCases.TestCases" name="TC_PS2_106" time="0.0">
    <skipped/>
  </testcase> <!-- TC_PS2_106 -->
  <testcase classname="TestCases.TestCases" name="TC_PS2_107" time="0.0">
    <skipped/>
  </testcase> <!-- TC_PS2_107 -->
  <testcase classname="TestCases.TestCases" name="TC_PS2_108" time="0.0">
    <skipped/>
  </testcase> <!-- TC_PS2_108 -->
  <testcase classname="TestCases.TestCases" name="TC_PS2_109" time="0.0">
    <skipped/>
  </testcase> <!-- TC_PS2_109 -->
  <testcase classname="TestCases.TestCases" name="TC_PS2_110" time="0.004">
    <skipped/>
  </testcase> <!-- TC_PS2_110 -->
  <testcase classname="TestCases.TestCases" name="TC_PS2_111" time="0.0">
    <skipped/>
  </testcase> <!-- TC_PS2_111 -->
  <testcase classname="TestCases.TestCases" name="TC_PS2_112" time="0.0">
    <skipped/>
  </testcase> <!-- TC_PS2_112 -->
  <testcase classname="TestCases.TestCases" name="TC_PS2_113" time="0.001">
    <skipped/>
  </testcase> <!-- TC_PS2_113 -->
  <testcase classname="TestCases.TestCases" name="TC_PS2_114" time="0.0">
    <skipped/>
  </testcase> <!-- TC_PS2_114 -->
  <testcase classname="TestCases.TestCases" name="TC_PS2_115" time="0.0">
    <skipped/>
  </testcase> <!-- TC_PS2_115 -->
  <testcase classname="TestCases.TestCases" name="TC_PS2_116" time="0.0">
    <skipped/>
  </testcase> <!-- TC_PS2_116 -->
  <testcase classname="TestCases.TestCases" name="TC_PS2_117" time="0.0">
    <skipped/>
  </testcase> <!-- TC_PS2_117 -->
  <testcase classname="TestCases.TestCases" name="TC_PS2_118" time="0.0">
    <skipped/>
  </testcase> <!-- TC_PS2_118 -->
  <testcase classname="TestCases.TestCases" name="TC_PS2_119" time="0.001">
    <skipped/>
  </testcase> <!-- TC_PS2_119 -->
  <testcase classname="TestCases.TestCases" name="TC_PS2_120" time="0.001">
    <skipped/>
  </testcase> <!-- TC_PS2_120 -->
  <testcase classname="TestCases.TestCases" name="TC_PS2_121" time="0.001">
    <skipped/>
  </testcase> <!-- TC_PS2_121 -->
  <testcase classname="TestCases.TestCases" name="TC_PS2_122" time="0.0">
    <skipped/>
  </testcase> <!-- TC_PS2_122 -->
  <testcase classname="TestCases.TestCases" name="TC_PS2_123" time="0.001">
    <skipped/>
  </testcase> <!-- TC_PS2_123 -->
  <testcase classname="TestCases.TestCases" name="TC_PS2_124" time="0.001">
    <skipped/>
  </testcase> <!-- TC_PS2_124 -->
  <testcase classname="TestCases.TestCases" name="TC_PS2_125" time="0.0">
    <skipped/>
  </testcase> <!-- TC_PS2_125 -->
  <testcase classname="TestCases.TestCases" name="TC_PS2_126" time="0.001">
    <skipped/>
  </testcase> <!-- TC_PS2_126 -->
  <testcase classname="TestCases.TestCases" name="TC_PS2_127" time="0.0">
    <skipped/>
  </testcase> <!-- TC_PS2_127 -->
  <testcase classname="TestCases.TestCases" name="TC_PS2_128" time="0.001">
    <skipped/>
  </testcase> <!-- TC_PS2_128 -->
  <testcase classname="TestCases.TestCases" name="TC_PS2_129" time="0.001">
    <skipped/>
  </testcase> <!-- TC_PS2_129 -->
  <testcase classname="TestCases.TestCases" name="TC_PS2_130" time="0.002">
    <skipped/>
  </testcase> <!-- TC_PS2_130 -->
  <testcase classname="TestCases.TestCases" name="TC_PS2_131" time="0.0">
    <skipped/>
  </testcase> <!-- TC_PS2_131 -->
  <testcase classname="TestCases.TestCases" name="TC_PS2_133" time="0.001">
    <skipped/>
  </testcase> <!-- TC_PS2_133 -->
  <testcase classname="TestCases.TestCases" name="TC_PS2_134" time="0.002">
    <skipped/>
  </testcase> <!-- TC_PS2_134 -->
  <testcase classname="TestCases.TestCases" name="TC_PS2_135" time="0.001">
    <skipped/>
  </testcase> <!-- TC_PS2_135 -->
  <testcase classname="TestCases.TestCases" name="TC_PS2_136" time="0.001">
    <skipped/>
  </testcase> <!-- TC_PS2_136 -->
  <testcase classname="TestCases.TestCases" name="TC_PS2_137" time="0.001">
    <skipped/>
  </testcase> <!-- TC_PS2_137 -->
  <testcase classname="TestCases.TestCases" name="TC_PS2_138" time="0.0">
    <skipped/>
  </testcase> <!-- TC_PS2_138 -->
  <testcase classname="TestCases.TestCases" name="TC_PS2_139" time="0.0">
    <skipped/>
  </testcase> <!-- TC_PS2_139 -->
  <testcase classname="TestCases.TestCases" name="TC_PS2_140" time="0.001">
    <skipped/>
  </testcase> <!-- TC_PS2_140 -->
  <testcase classname="TestCases.TestCases" name="TC_PS2_141" time="0.0">
    <skipped/>
  </testcase> <!-- TC_PS2_141 -->
  <testcase classname="TestCases.TestCases" name="TC_PS2_142" time="0.0">
    <skipped/>
  </testcase> <!-- TC_PS2_142 -->
  <testcase classname="TestCases.TestCases" name="TC_PS2_143" time="0.002">
    <skipped/>
  </testcase> <!-- TC_PS2_143 -->
  <testcase classname="TestCases.TestCases" name="TC_PS2_144" time="0.001">
    <skipped/>
  </testcase> <!-- TC_PS2_144 -->
  <testcase classname="TestCases.TestCases" name="TC_PS2_145" time="0.001">
    <skipped/>
  </testcase> <!-- TC_PS2_145 -->
  <testcase classname="TestCases.TestCases" name="TC_PS2_146" time="0.001">
    <skipped/>
  </testcase> <!-- TC_PS2_146 -->
  <testcase classname="TestCases.TestCases" name="TC_PS2_147" time="0.0">
    <skipped/>
  </testcase> <!-- TC_PS2_147 -->
  <testcase classname="TestCases.TestCases" name="TC_PS2_148" time="0.0">
    <skipped/>
  </testcase> <!-- TC_PS2_148 -->
  <testcase classname="TestCases.TestCases" name="TC_PS2_149" time="0.001">
    <skipped/>
  </testcase> <!-- TC_PS2_149 -->
  <testcase classname="TestCases.TestCases" name="TC_PS2_150" time="0.002">
    <skipped/>
  </testcase> <!-- TC_PS2_150 -->
  <testcase classname="TestCases.TestCases" name="TC_PS2_151" time="0.0">
    <skipped/>
  </testcase> <!-- TC_PS2_151 -->
  <testcase classname="TestCases.TestCases" name="TC_PS2_152" time="0.001">
    <skipped/>
  </testcase> <!-- TC_PS2_152 -->
  <testcase classname="TestCases.TestCases" name="TC_PS2_153" time="0.0">
    <skipped/>
  </testcase> <!-- TC_PS2_153 -->
  <testcase classname="TestCases.TestCases" name="TC_PS2_154" time="0.0">
    <skipped/>
  </testcase> <!-- TC_PS2_154 -->
  <testcase classname="TestCases.TestCases" name="TC_PS2_155" time="0.001">
    <skipped/>
  </testcase> <!-- TC_PS2_155 -->
  <testcase classname="TestCases.TestCases" name="TC_PS2_156" time="0.002">
    <skipped/>
  </testcase> <!-- TC_PS2_156 -->
  <testcase classname="TestCases.TestCases" name="TC_PS2_157" time="0.001">
    <skipped/>
  </testcase> <!-- TC_PS2_157 -->
  <testcase classname="TestCases.TestCases" name="TC_PS2_158" time="0.0">
    <skipped/>
  </testcase> <!-- TC_PS2_158 -->
  <testcase classname="TestCases.TestCases" name="TC_PS2_159" time="0.001">
    <skipped/>
  </testcase> <!-- TC_PS2_159 -->
  <testcase classname="TestCases.TestCases" name="TC_PS2_160" time="0.0">
    <skipped/>
  </testcase> <!-- TC_PS2_160 -->
  <testcase classname="TestCases.TestCases" name="TC_PS2_161" time="0.001">
    <skipped/>
  </testcase> <!-- TC_PS2_161 -->
  <testcase classname="TestCases.TestCases" name="TC_PS2_162" time="0.001">
    <skipped/>
  </testcase> <!-- TC_PS2_162 -->
  <testcase classname="TestCases.TestCases" name="TC_PS2_163" time="0.001">
    <skipped/>
  </testcase> <!-- TC_PS2_163 -->
  <testcase classname="TestCases.TestCases" name="TC_PS2_167" time="0.001">
    <skipped/>
  </testcase> <!-- TC_PS2_167 -->
  <testcase classname="TestCases.TestCases" name="TC_PS2_168" time="0.0">
    <skipped/>
  </testcase> <!-- TC_PS2_168 -->
  <testcase classname="TestCases.TestCases" name="TC_PS2_169" time="0.0">
    <skipped/>
  </testcase> <!-- TC_PS2_169 -->
  <testcase classname="TestCases.TestCases" name="TC_PS2_170" time="0.0">
    <skipped/>
  </testcase> <!-- TC_PS2_170 -->
  <testcase classname="TestCases.TestCases" name="TC_PS2_171" time="0.0">
    <skipped/>
  </testcase> <!-- TC_PS2_171 -->
</testsuite> <!-- Default test -->
